{"/home/stefanov/Projects/In Progress/Chat Organizer Cursor/apps/extension_v3/src/background/service-worker.ts": {"path":"/home/stefanov/Projects/In Progress/Chat Organizer Cursor/apps/extension_v3/src/background/service-worker.ts","all":true,"statementMap":{"0":{"start":{"line":1,"column":0},"end":{"line":1,"column":69}},"1":{"start":{"line":2,"column":0},"end":{"line":2,"column":51}},"2":{"start":{"line":3,"column":0},"end":{"line":3,"column":53}},"3":{"start":{"line":4,"column":0},"end":{"line":4,"column":67}},"4":{"start":{"line":5,"column":0},"end":{"line":5,"column":55}},"5":{"start":{"line":6,"column":0},"end":{"line":6,"column":59}},"6":{"start":{"line":7,"column":0},"end":{"line":7,"column":51}},"7":{"start":{"line":8,"column":0},"end":{"line":8,"column":37}},"8":{"start":{"line":9,"column":0},"end":{"line":9,"column":37}},"9":{"start":{"line":10,"column":0},"end":{"line":10,"column":0}},"10":{"start":{"line":11,"column":0},"end":{"line":11,"column":48}},"11":{"start":{"line":12,"column":0},"end":{"line":12,"column":0}},"12":{"start":{"line":13,"column":0},"end":{"line":13,"column":37}},"13":{"start":{"line":14,"column":0},"end":{"line":14,"column":69}},"14":{"start":{"line":15,"column":0},"end":{"line":15,"column":56}},"15":{"start":{"line":16,"column":0},"end":{"line":16,"column":50}},"16":{"start":{"line":17,"column":0},"end":{"line":17,"column":58}},"17":{"start":{"line":18,"column":0},"end":{"line":18,"column":71}},"18":{"start":{"line":19,"column":0},"end":{"line":19,"column":0}},"19":{"start":{"line":20,"column":0},"end":{"line":20,"column":24}},"20":{"start":{"line":21,"column":0},"end":{"line":21,"column":30}},"21":{"start":{"line":22,"column":0},"end":{"line":22,"column":25}},"22":{"start":{"line":23,"column":0},"end":{"line":23,"column":28}},"23":{"start":{"line":24,"column":0},"end":{"line":24,"column":32}},"24":{"start":{"line":25,"column":0},"end":{"line":25,"column":22}},"25":{"start":{"line":26,"column":0},"end":{"line":26,"column":0}},"26":{"start":{"line":27,"column":0},"end":{"line":27,"column":103}},"27":{"start":{"line":28,"column":0},"end":{"line":28,"column":135}},"28":{"start":{"line":29,"column":0},"end":{"line":29,"column":0}},"29":{"start":{"line":30,"column":0},"end":{"line":30,"column":48}}},"s":{"0":0,"1":0,"2":0,"3":0,"4":0,"5":0,"6":0,"7":0,"8":0,"9":0,"10":0,"11":0,"12":0,"13":0,"14":0,"15":0,"16":0,"17":0,"18":0,"19":0,"20":0,"21":0,"22":0,"23":0,"24":0,"25":0,"26":0,"27":0,"28":0,"29":0},"branchMap":{"0":{"type":"branch","line":1,"loc":{"start":{"line":1,"column":0},"end":{"line":30,"column":48}},"locations":[{"start":{"line":1,"column":0},"end":{"line":30,"column":48}}]}},"b":{"0":[0]},"fnMap":{"0":{"name":"(empty-report)","decl":{"start":{"line":1,"column":0},"end":{"line":30,"column":48}},"loc":{"start":{"line":1,"column":0},"end":{"line":30,"column":48}},"line":1}},"f":{"0":0}}
,"/home/stefanov/Projects/In Progress/Chat Organizer Cursor/apps/extension_v3/src/background/modules/authManager.ts": {"path":"/home/stefanov/Projects/In Progress/Chat Organizer Cursor/apps/extension_v3/src/background/modules/authManager.ts","all":true,"statementMap":{"0":{"start":{"line":1,"column":0},"end":{"line":1,"column":37}},"1":{"start":{"line":2,"column":0},"end":{"line":2,"column":57}},"2":{"start":{"line":3,"column":0},"end":{"line":3,"column":37}},"3":{"start":{"line":4,"column":0},"end":{"line":4,"column":0}},"4":{"start":{"line":5,"column":0},"end":{"line":5,"column":26}},"5":{"start":{"line":6,"column":0},"end":{"line":6,"column":16}},"6":{"start":{"line":7,"column":0},"end":{"line":7,"column":38}},"7":{"start":{"line":8,"column":0},"end":{"line":8,"column":50}},"8":{"start":{"line":9,"column":0},"end":{"line":9,"column":0}},"9":{"start":{"line":10,"column":0},"end":{"line":10,"column":71}},"10":{"start":{"line":11,"column":0},"end":{"line":11,"column":50}},"11":{"start":{"line":12,"column":0},"end":{"line":12,"column":72}},"12":{"start":{"line":13,"column":0},"end":{"line":13,"column":6}},"13":{"start":{"line":14,"column":0},"end":{"line":14,"column":3}},"14":{"start":{"line":15,"column":0},"end":{"line":15,"column":0}},"15":{"start":{"line":16,"column":0},"end":{"line":16,"column":41}},"16":{"start":{"line":17,"column":0},"end":{"line":17,"column":13}},"17":{"start":{"line":18,"column":0},"end":{"line":18,"column":50}},"18":{"start":{"line":19,"column":0},"end":{"line":19,"column":41}},"19":{"start":{"line":20,"column":0},"end":{"line":20,"column":64}},"20":{"start":{"line":21,"column":0},"end":{"line":21,"column":5}},"21":{"start":{"line":22,"column":0},"end":{"line":22,"column":14}},"22":{"start":{"line":23,"column":0},"end":{"line":23,"column":54}},"23":{"start":{"line":24,"column":0},"end":{"line":24,"column":56}},"24":{"start":{"line":25,"column":0},"end":{"line":25,"column":73}},"25":{"start":{"line":26,"column":0},"end":{"line":26,"column":5}},"26":{"start":{"line":27,"column":0},"end":{"line":27,"column":13}},"27":{"start":{"line":28,"column":0},"end":{"line":28,"column":50}},"28":{"start":{"line":29,"column":0},"end":{"line":29,"column":41}},"29":{"start":{"line":30,"column":0},"end":{"line":30,"column":61}},"30":{"start":{"line":31,"column":0},"end":{"line":31,"column":5}},"31":{"start":{"line":32,"column":0},"end":{"line":32,"column":15}},"32":{"start":{"line":33,"column":0},"end":{"line":33,"column":54}},"33":{"start":{"line":34,"column":0},"end":{"line":34,"column":124}},"34":{"start":{"line":35,"column":0},"end":{"line":35,"column":71}},"35":{"start":{"line":36,"column":0},"end":{"line":36,"column":5}},"36":{"start":{"line":37,"column":0},"end":{"line":37,"column":17}},"37":{"start":{"line":38,"column":0},"end":{"line":38,"column":54}},"38":{"start":{"line":39,"column":0},"end":{"line":39,"column":61}},"39":{"start":{"line":40,"column":0},"end":{"line":40,"column":71}},"40":{"start":{"line":41,"column":0},"end":{"line":41,"column":5}},"41":{"start":{"line":42,"column":0},"end":{"line":42,"column":11}},"42":{"start":{"line":43,"column":0},"end":{"line":43,"column":54}},"43":{"start":{"line":44,"column":0},"end":{"line":44,"column":120}},"44":{"start":{"line":45,"column":0},"end":{"line":45,"column":87}},"45":{"start":{"line":46,"column":0},"end":{"line":46,"column":5}},"46":{"start":{"line":47,"column":0},"end":{"line":47,"column":11}},"47":{"start":{"line":48,"column":0},"end":{"line":48,"column":54}},"48":{"start":{"line":49,"column":0},"end":{"line":49,"column":124}},"49":{"start":{"line":50,"column":0},"end":{"line":50,"column":68}},"50":{"start":{"line":51,"column":0},"end":{"line":51,"column":5}},"51":{"start":{"line":52,"column":0},"end":{"line":52,"column":3}},"52":{"start":{"line":53,"column":0},"end":{"line":53,"column":0}},"53":{"start":{"line":54,"column":0},"end":{"line":54,"column":63}},"54":{"start":{"line":55,"column":0},"end":{"line":55,"column":96}},"55":{"start":{"line":56,"column":0},"end":{"line":56,"column":92}},"56":{"start":{"line":57,"column":0},"end":{"line":57,"column":3}},"57":{"start":{"line":58,"column":0},"end":{"line":58,"column":0}},"58":{"start":{"line":59,"column":0},"end":{"line":59,"column":79}},"59":{"start":{"line":60,"column":0},"end":{"line":60,"column":105}},"60":{"start":{"line":61,"column":0},"end":{"line":61,"column":69}},"61":{"start":{"line":62,"column":0},"end":{"line":62,"column":3}},"62":{"start":{"line":63,"column":0},"end":{"line":63,"column":0}},"63":{"start":{"line":64,"column":0},"end":{"line":64,"column":45}},"64":{"start":{"line":65,"column":0},"end":{"line":65,"column":77}},"65":{"start":{"line":66,"column":0},"end":{"line":66,"column":9}},"66":{"start":{"line":67,"column":0},"end":{"line":67,"column":51}},"67":{"start":{"line":68,"column":0},"end":{"line":68,"column":32}},"68":{"start":{"line":69,"column":0},"end":{"line":69,"column":79}},"69":{"start":{"line":70,"column":0},"end":{"line":70,"column":108}},"70":{"start":{"line":71,"column":0},"end":{"line":71,"column":7}},"71":{"start":{"line":72,"column":0},"end":{"line":72,"column":14}},"72":{"start":{"line":73,"column":0},"end":{"line":73,"column":3}},"73":{"start":{"line":74,"column":0},"end":{"line":74,"column":0}},"74":{"start":{"line":75,"column":0},"end":{"line":75,"column":45}},"75":{"start":{"line":76,"column":0},"end":{"line":76,"column":71}},"76":{"start":{"line":77,"column":0},"end":{"line":77,"column":107}},"77":{"start":{"line":78,"column":0},"end":{"line":78,"column":3}},"78":{"start":{"line":79,"column":0},"end":{"line":79,"column":0}},"79":{"start":{"line":80,"column":0},"end":{"line":80,"column":129}},"80":{"start":{"line":81,"column":0},"end":{"line":81,"column":36}},"81":{"start":{"line":82,"column":0},"end":{"line":82,"column":88}},"82":{"start":{"line":83,"column":0},"end":{"line":83,"column":91}},"83":{"start":{"line":84,"column":0},"end":{"line":84,"column":67}},"84":{"start":{"line":85,"column":0},"end":{"line":85,"column":6}},"85":{"start":{"line":86,"column":0},"end":{"line":86,"column":3}},"86":{"start":{"line":87,"column":0},"end":{"line":87,"column":0}},"87":{"start":{"line":88,"column":0},"end":{"line":88,"column":53}},"88":{"start":{"line":89,"column":0},"end":{"line":89,"column":134}},"89":{"start":{"line":90,"column":0},"end":{"line":90,"column":31}},"90":{"start":{"line":91,"column":0},"end":{"line":91,"column":47}},"91":{"start":{"line":92,"column":0},"end":{"line":92,"column":27}},"92":{"start":{"line":93,"column":0},"end":{"line":93,"column":0}},"93":{"start":{"line":94,"column":0},"end":{"line":94,"column":34}},"94":{"start":{"line":95,"column":0},"end":{"line":95,"column":40}},"95":{"start":{"line":96,"column":0},"end":{"line":96,"column":0}},"96":{"start":{"line":97,"column":0},"end":{"line":97,"column":9}},"97":{"start":{"line":98,"column":0},"end":{"line":98,"column":86}},"98":{"start":{"line":99,"column":0},"end":{"line":99,"column":65}},"99":{"start":{"line":100,"column":0},"end":{"line":100,"column":50}},"100":{"start":{"line":101,"column":0},"end":{"line":101,"column":7}},"101":{"start":{"line":102,"column":0},"end":{"line":102,"column":14}},"102":{"start":{"line":103,"column":0},"end":{"line":103,"column":16}},"103":{"start":{"line":104,"column":0},"end":{"line":104,"column":3}},"104":{"start":{"line":105,"column":0},"end":{"line":105,"column":0}},"105":{"start":{"line":106,"column":0},"end":{"line":106,"column":87}},"106":{"start":{"line":107,"column":0},"end":{"line":107,"column":38}},"107":{"start":{"line":108,"column":0},"end":{"line":108,"column":61}},"108":{"start":{"line":109,"column":0},"end":{"line":109,"column":34}},"109":{"start":{"line":110,"column":0},"end":{"line":110,"column":9}},"110":{"start":{"line":111,"column":0},"end":{"line":111,"column":74}},"111":{"start":{"line":112,"column":0},"end":{"line":112,"column":23}},"112":{"start":{"line":113,"column":0},"end":{"line":113,"column":97}},"113":{"start":{"line":114,"column":0},"end":{"line":114,"column":62}},"114":{"start":{"line":115,"column":0},"end":{"line":115,"column":8}},"115":{"start":{"line":116,"column":0},"end":{"line":116,"column":115}},"116":{"start":{"line":117,"column":0},"end":{"line":117,"column":35}},"117":{"start":{"line":118,"column":0},"end":{"line":118,"column":30}},"118":{"start":{"line":119,"column":0},"end":{"line":119,"column":40}},"119":{"start":{"line":120,"column":0},"end":{"line":120,"column":61}},"120":{"start":{"line":121,"column":0},"end":{"line":121,"column":103}},"121":{"start":{"line":122,"column":0},"end":{"line":122,"column":69}},"122":{"start":{"line":123,"column":0},"end":{"line":123,"column":10}},"123":{"start":{"line":124,"column":0},"end":{"line":124,"column":32}},"124":{"start":{"line":125,"column":0},"end":{"line":125,"column":7}},"125":{"start":{"line":126,"column":0},"end":{"line":126,"column":14}},"126":{"start":{"line":127,"column":0},"end":{"line":127,"column":15}},"127":{"start":{"line":128,"column":0},"end":{"line":128,"column":3}},"128":{"start":{"line":129,"column":0},"end":{"line":129,"column":0}},"129":{"start":{"line":130,"column":0},"end":{"line":130,"column":44}},"130":{"start":{"line":131,"column":0},"end":{"line":131,"column":69}},"131":{"start":{"line":132,"column":0},"end":{"line":132,"column":57}},"132":{"start":{"line":133,"column":0},"end":{"line":133,"column":45}},"133":{"start":{"line":134,"column":0},"end":{"line":134,"column":3}},"134":{"start":{"line":135,"column":0},"end":{"line":135,"column":0}},"135":{"start":{"line":136,"column":0},"end":{"line":136,"column":19}},"136":{"start":{"line":137,"column":0},"end":{"line":137,"column":48}},"137":{"start":{"line":138,"column":0},"end":{"line":138,"column":41}},"138":{"start":{"line":139,"column":0},"end":{"line":139,"column":9}},"139":{"start":{"line":140,"column":0},"end":{"line":140,"column":69}},"140":{"start":{"line":141,"column":0},"end":{"line":141,"column":95}},"141":{"start":{"line":142,"column":0},"end":{"line":142,"column":8}},"142":{"start":{"line":143,"column":0},"end":{"line":143,"column":140}},"143":{"start":{"line":144,"column":0},"end":{"line":144,"column":32}},"144":{"start":{"line":145,"column":0},"end":{"line":145,"column":63}},"145":{"start":{"line":146,"column":0},"end":{"line":146,"column":3}},"146":{"start":{"line":147,"column":0},"end":{"line":147,"column":1}}},"s":{"0":0,"1":0,"2":0,"3":0,"4":0,"5":0,"6":0,"7":0,"8":0,"9":0,"10":0,"11":0,"12":0,"13":0,"14":0,"15":0,"16":0,"17":0,"18":0,"19":0,"20":0,"21":0,"22":0,"23":0,"24":0,"25":0,"26":0,"27":0,"28":0,"29":0,"30":0,"31":0,"32":0,"33":0,"34":0,"35":0,"36":0,"37":0,"38":0,"39":0,"40":0,"41":0,"42":0,"43":0,"44":0,"45":0,"46":0,"47":0,"48":0,"49":0,"50":0,"51":0,"52":0,"53":0,"54":0,"55":0,"56":0,"57":0,"58":0,"59":0,"60":0,"61":0,"62":0,"63":0,"64":0,"65":0,"66":0,"67":0,"68":0,"69":0,"70":0,"71":0,"72":0,"73":0,"74":0,"75":0,"76":0,"77":0,"78":0,"79":0,"80":0,"81":0,"82":0,"83":0,"84":0,"85":0,"86":0,"87":0,"88":0,"89":0,"90":0,"91":0,"92":0,"93":0,"94":0,"95":0,"96":0,"97":0,"98":0,"99":0,"100":0,"101":0,"102":0,"103":0,"104":0,"105":0,"106":0,"107":0,"108":0,"109":0,"110":0,"111":0,"112":0,"113":0,"114":0,"115":0,"116":0,"117":0,"118":0,"119":0,"120":0,"121":0,"122":0,"123":0,"124":0,"125":0,"126":0,"127":0,"128":0,"129":0,"130":0,"131":0,"132":0,"133":0,"134":0,"135":0,"136":0,"137":0,"138":0,"139":0,"140":0,"141":0,"142":0,"143":0,"144":0,"145":0,"146":0},"branchMap":{"0":{"type":"branch","line":1,"loc":{"start":{"line":1,"column":0},"end":{"line":147,"column":1}},"locations":[{"start":{"line":1,"column":0},"end":{"line":147,"column":1}}]}},"b":{"0":[0]},"fnMap":{"0":{"name":"(empty-report)","decl":{"start":{"line":1,"column":0},"end":{"line":147,"column":1}},"loc":{"start":{"line":1,"column":0},"end":{"line":147,"column":1}},"line":1}},"f":{"0":0}}
,"/home/stefanov/Projects/In Progress/Chat Organizer Cursor/apps/extension_v3/src/background/modules/cacheManager.ts": {"path":"/home/stefanov/Projects/In Progress/Chat Organizer Cursor/apps/extension_v3/src/background/modules/cacheManager.ts","all":true,"statementMap":{"0":{"start":{"line":1,"column":0},"end":{"line":1,"column":3}},"1":{"start":{"line":2,"column":0},"end":{"line":2,"column":15}},"2":{"start":{"line":3,"column":0},"end":{"line":3,"column":3}},"3":{"start":{"line":4,"column":0},"end":{"line":4,"column":62}},"4":{"start":{"line":5,"column":0},"end":{"line":5,"column":54}},"5":{"start":{"line":6,"column":0},"end":{"line":6,"column":39}},"6":{"start":{"line":7,"column":0},"end":{"line":7,"column":3}},"7":{"start":{"line":8,"column":0},"end":{"line":8,"column":0}},"8":{"start":{"line":9,"column":0},"end":{"line":9,"column":27}},"9":{"start":{"line":10,"column":0},"end":{"line":10,"column":38}},"10":{"start":{"line":11,"column":0},"end":{"line":11,"column":45}},"11":{"start":{"line":12,"column":0},"end":{"line":12,"column":45}},"12":{"start":{"line":13,"column":0},"end":{"line":13,"column":2}},"13":{"start":{"line":14,"column":0},"end":{"line":14,"column":0}},"14":{"start":{"line":15,"column":0},"end":{"line":15,"column":27}},"15":{"start":{"line":16,"column":0},"end":{"line":16,"column":7}},"16":{"start":{"line":17,"column":0},"end":{"line":17,"column":25}},"17":{"start":{"line":18,"column":0},"end":{"line":18,"column":7}},"18":{"start":{"line":19,"column":0},"end":{"line":19,"column":54}},"19":{"start":{"line":20,"column":0},"end":{"line":20,"column":76}},"20":{"start":{"line":21,"column":0},"end":{"line":21,"column":50}},"21":{"start":{"line":22,"column":0},"end":{"line":22,"column":5}},"22":{"start":{"line":23,"column":0},"end":{"line":23,"column":0}},"23":{"start":{"line":24,"column":0},"end":{"line":24,"column":7}},"24":{"start":{"line":25,"column":0},"end":{"line":25,"column":25}},"25":{"start":{"line":26,"column":0},"end":{"line":26,"column":7}},"26":{"start":{"line":27,"column":0},"end":{"line":27,"column":60}},"27":{"start":{"line":28,"column":0},"end":{"line":28,"column":41}},"28":{"start":{"line":29,"column":0},"end":{"line":29,"column":42}},"29":{"start":{"line":30,"column":0},"end":{"line":30,"column":46}},"30":{"start":{"line":31,"column":0},"end":{"line":31,"column":11}},"31":{"start":{"line":32,"column":0},"end":{"line":32,"column":5}},"32":{"start":{"line":33,"column":0},"end":{"line":33,"column":0}},"33":{"start":{"line":34,"column":0},"end":{"line":34,"column":7}},"34":{"start":{"line":35,"column":0},"end":{"line":35,"column":31}},"35":{"start":{"line":36,"column":0},"end":{"line":36,"column":7}},"36":{"start":{"line":37,"column":0},"end":{"line":37,"column":53}},"37":{"start":{"line":38,"column":0},"end":{"line":38,"column":77}},"38":{"start":{"line":39,"column":0},"end":{"line":39,"column":51}},"39":{"start":{"line":40,"column":0},"end":{"line":40,"column":5}},"40":{"start":{"line":41,"column":0},"end":{"line":41,"column":0}},"41":{"start":{"line":42,"column":0},"end":{"line":42,"column":7}},"42":{"start":{"line":43,"column":0},"end":{"line":43,"column":31}},"43":{"start":{"line":44,"column":0},"end":{"line":44,"column":7}},"44":{"start":{"line":45,"column":0},"end":{"line":45,"column":60}},"45":{"start":{"line":46,"column":0},"end":{"line":46,"column":41}},"46":{"start":{"line":47,"column":0},"end":{"line":47,"column":44}},"47":{"start":{"line":48,"column":0},"end":{"line":48,"column":46}},"48":{"start":{"line":49,"column":0},"end":{"line":49,"column":11}},"49":{"start":{"line":50,"column":0},"end":{"line":50,"column":5}},"50":{"start":{"line":51,"column":0},"end":{"line":51,"column":0}},"51":{"start":{"line":52,"column":0},"end":{"line":52,"column":7}},"52":{"start":{"line":53,"column":0},"end":{"line":53,"column":23}},"53":{"start":{"line":54,"column":0},"end":{"line":54,"column":7}},"54":{"start":{"line":55,"column":0},"end":{"line":55,"column":44}},"55":{"start":{"line":56,"column":0},"end":{"line":56,"column":43}},"56":{"start":{"line":57,"column":0},"end":{"line":57,"column":31}},"57":{"start":{"line":58,"column":0},"end":{"line":58,"column":32}},"58":{"start":{"line":59,"column":0},"end":{"line":59,"column":32}},"59":{"start":{"line":60,"column":0},"end":{"line":60,"column":11}},"60":{"start":{"line":61,"column":0},"end":{"line":61,"column":5}},"61":{"start":{"line":62,"column":0},"end":{"line":62,"column":1}}},"s":{"0":0,"1":0,"2":0,"3":0,"4":0,"5":0,"6":0,"7":0,"8":0,"9":0,"10":0,"11":0,"12":0,"13":0,"14":0,"15":0,"16":0,"17":0,"18":0,"19":0,"20":0,"21":0,"22":0,"23":0,"24":0,"25":0,"26":0,"27":0,"28":0,"29":0,"30":0,"31":0,"32":0,"33":0,"34":0,"35":0,"36":0,"37":0,"38":0,"39":0,"40":0,"41":0,"42":0,"43":0,"44":0,"45":0,"46":0,"47":0,"48":0,"49":0,"50":0,"51":0,"52":0,"53":0,"54":0,"55":0,"56":0,"57":0,"58":0,"59":0,"60":0,"61":0},"branchMap":{"0":{"type":"branch","line":1,"loc":{"start":{"line":1,"column":0},"end":{"line":62,"column":1}},"locations":[{"start":{"line":1,"column":0},"end":{"line":62,"column":1}}]}},"b":{"0":[0]},"fnMap":{"0":{"name":"(empty-report)","decl":{"start":{"line":1,"column":0},"end":{"line":62,"column":1}},"loc":{"start":{"line":1,"column":0},"end":{"line":62,"column":1}},"line":1}},"f":{"0":0}}
,"/home/stefanov/Projects/In Progress/Chat Organizer Cursor/apps/extension_v3/src/background/modules/dashboardApi.ts": {"path":"/home/stefanov/Projects/In Progress/Chat Organizer Cursor/apps/extension_v3/src/background/modules/dashboardApi.ts","all":true,"statementMap":{"0":{"start":{"line":1,"column":0},"end":{"line":1,"column":3}},"1":{"start":{"line":2,"column":0},"end":{"line":2,"column":27}},"2":{"start":{"line":3,"column":0},"end":{"line":3,"column":53}},"3":{"start":{"line":4,"column":0},"end":{"line":4,"column":3}},"4":{"start":{"line":5,"column":0},"end":{"line":5,"column":0}},"5":{"start":{"line":6,"column":0},"end":{"line":6,"column":37}},"6":{"start":{"line":7,"column":0},"end":{"line":7,"column":0}},"7":{"start":{"line":8,"column":0},"end":{"line":8,"column":48}},"8":{"start":{"line":9,"column":0},"end":{"line":9,"column":0}},"9":{"start":{"line":10,"column":0},"end":{"line":10,"column":45}},"10":{"start":{"line":11,"column":0},"end":{"line":11,"column":68}},"11":{"start":{"line":12,"column":0},"end":{"line":12,"column":43}},"12":{"start":{"line":13,"column":0},"end":{"line":13,"column":0}},"13":{"start":{"line":14,"column":0},"end":{"line":14,"column":37}},"14":{"start":{"line":15,"column":0},"end":{"line":15,"column":0}},"15":{"start":{"line":16,"column":0},"end":{"line":16,"column":59}},"16":{"start":{"line":17,"column":0},"end":{"line":17,"column":0}},"17":{"start":{"line":18,"column":0},"end":{"line":18,"column":21}},"18":{"start":{"line":19,"column":0},"end":{"line":19,"column":35}},"19":{"start":{"line":20,"column":0},"end":{"line":20,"column":15}},"20":{"start":{"line":21,"column":0},"end":{"line":21,"column":1}},"21":{"start":{"line":22,"column":0},"end":{"line":22,"column":0}},"22":{"start":{"line":23,"column":0},"end":{"line":23,"column":46}},"23":{"start":{"line":24,"column":0},"end":{"line":24,"column":7}},"24":{"start":{"line":25,"column":0},"end":{"line":25,"column":27}},"25":{"start":{"line":26,"column":0},"end":{"line":26,"column":16}},"26":{"start":{"line":27,"column":0},"end":{"line":27,"column":19}},"27":{"start":{"line":28,"column":0},"end":{"line":28,"column":21}},"28":{"start":{"line":29,"column":0},"end":{"line":29,"column":23}},"29":{"start":{"line":30,"column":0},"end":{"line":30,"column":16}},"30":{"start":{"line":31,"column":0},"end":{"line":31,"column":20}},"31":{"start":{"line":32,"column":0},"end":{"line":32,"column":14}},"32":{"start":{"line":33,"column":0},"end":{"line":33,"column":16}},"33":{"start":{"line":34,"column":0},"end":{"line":34,"column":16}},"34":{"start":{"line":35,"column":0},"end":{"line":35,"column":17}},"35":{"start":{"line":36,"column":0},"end":{"line":36,"column":20}},"36":{"start":{"line":37,"column":0},"end":{"line":37,"column":16}},"37":{"start":{"line":38,"column":0},"end":{"line":38,"column":16}},"38":{"start":{"line":39,"column":0},"end":{"line":39,"column":17}},"39":{"start":{"line":40,"column":0},"end":{"line":40,"column":16}},"40":{"start":{"line":41,"column":0},"end":{"line":41,"column":15}},"41":{"start":{"line":42,"column":0},"end":{"line":42,"column":14}},"42":{"start":{"line":43,"column":0},"end":{"line":43,"column":18}},"43":{"start":{"line":44,"column":0},"end":{"line":44,"column":15}},"44":{"start":{"line":45,"column":0},"end":{"line":45,"column":18}},"45":{"start":{"line":46,"column":0},"end":{"line":46,"column":17}},"46":{"start":{"line":47,"column":0},"end":{"line":47,"column":15}},"47":{"start":{"line":48,"column":0},"end":{"line":48,"column":21}},"48":{"start":{"line":49,"column":0},"end":{"line":49,"column":19}},"49":{"start":{"line":50,"column":0},"end":{"line":50,"column":20}},"50":{"start":{"line":51,"column":0},"end":{"line":51,"column":20}},"51":{"start":{"line":52,"column":0},"end":{"line":52,"column":19}},"52":{"start":{"line":53,"column":0},"end":{"line":53,"column":20}},"53":{"start":{"line":54,"column":0},"end":{"line":54,"column":18}},"54":{"start":{"line":55,"column":0},"end":{"line":55,"column":18}},"55":{"start":{"line":56,"column":0},"end":{"line":56,"column":20}},"56":{"start":{"line":57,"column":0},"end":{"line":57,"column":14}},"57":{"start":{"line":58,"column":0},"end":{"line":58,"column":17}},"58":{"start":{"line":59,"column":0},"end":{"line":59,"column":16}},"59":{"start":{"line":60,"column":0},"end":{"line":60,"column":20}},"60":{"start":{"line":61,"column":0},"end":{"line":61,"column":16}},"61":{"start":{"line":62,"column":0},"end":{"line":62,"column":19}},"62":{"start":{"line":63,"column":0},"end":{"line":63,"column":19}},"63":{"start":{"line":64,"column":0},"end":{"line":64,"column":16}},"64":{"start":{"line":65,"column":0},"end":{"line":65,"column":20}},"65":{"start":{"line":66,"column":0},"end":{"line":66,"column":19}},"66":{"start":{"line":67,"column":0},"end":{"line":67,"column":20}},"67":{"start":{"line":68,"column":0},"end":{"line":68,"column":20}},"68":{"start":{"line":69,"column":0},"end":{"line":69,"column":18}},"69":{"start":{"line":70,"column":0},"end":{"line":70,"column":15}},"70":{"start":{"line":71,"column":0},"end":{"line":71,"column":17}},"71":{"start":{"line":72,"column":0},"end":{"line":72,"column":16}},"72":{"start":{"line":73,"column":0},"end":{"line":73,"column":14}},"73":{"start":{"line":74,"column":0},"end":{"line":74,"column":15}},"74":{"start":{"line":75,"column":0},"end":{"line":75,"column":18}},"75":{"start":{"line":76,"column":0},"end":{"line":76,"column":21}},"76":{"start":{"line":77,"column":0},"end":{"line":77,"column":16}},"77":{"start":{"line":78,"column":0},"end":{"line":78,"column":18}},"78":{"start":{"line":79,"column":0},"end":{"line":79,"column":21}},"79":{"start":{"line":80,"column":0},"end":{"line":80,"column":19}},"80":{"start":{"line":81,"column":0},"end":{"line":81,"column":18}},"81":{"start":{"line":82,"column":0},"end":{"line":82,"column":16}},"82":{"start":{"line":83,"column":0},"end":{"line":83,"column":16}},"83":{"start":{"line":84,"column":0},"end":{"line":84,"column":15}},"84":{"start":{"line":85,"column":0},"end":{"line":85,"column":17}},"85":{"start":{"line":86,"column":0},"end":{"line":86,"column":19}},"86":{"start":{"line":87,"column":0},"end":{"line":87,"column":20}},"87":{"start":{"line":88,"column":0},"end":{"line":88,"column":18}},"88":{"start":{"line":89,"column":0},"end":{"line":89,"column":22}},"89":{"start":{"line":90,"column":0},"end":{"line":90,"column":20}},"90":{"start":{"line":91,"column":0},"end":{"line":91,"column":16}},"91":{"start":{"line":92,"column":0},"end":{"line":92,"column":17}},"92":{"start":{"line":93,"column":0},"end":{"line":93,"column":17}},"93":{"start":{"line":94,"column":0},"end":{"line":94,"column":21}},"94":{"start":{"line":95,"column":0},"end":{"line":95,"column":18}},"95":{"start":{"line":96,"column":0},"end":{"line":96,"column":19}},"96":{"start":{"line":97,"column":0},"end":{"line":97,"column":16}},"97":{"start":{"line":98,"column":0},"end":{"line":98,"column":17}},"98":{"start":{"line":99,"column":0},"end":{"line":99,"column":19}},"99":{"start":{"line":100,"column":0},"end":{"line":100,"column":15}},"100":{"start":{"line":101,"column":0},"end":{"line":101,"column":17}},"101":{"start":{"line":102,"column":0},"end":{"line":102,"column":16}},"102":{"start":{"line":103,"column":0},"end":{"line":103,"column":18}},"103":{"start":{"line":104,"column":0},"end":{"line":104,"column":19}},"104":{"start":{"line":105,"column":0},"end":{"line":105,"column":22}},"105":{"start":{"line":106,"column":0},"end":{"line":106,"column":20}},"106":{"start":{"line":107,"column":0},"end":{"line":107,"column":17}},"107":{"start":{"line":108,"column":0},"end":{"line":108,"column":18}},"108":{"start":{"line":109,"column":0},"end":{"line":109,"column":17}},"109":{"start":{"line":110,"column":0},"end":{"line":110,"column":19}},"110":{"start":{"line":111,"column":0},"end":{"line":111,"column":17}},"111":{"start":{"line":112,"column":0},"end":{"line":112,"column":16}},"112":{"start":{"line":113,"column":0},"end":{"line":113,"column":20}},"113":{"start":{"line":114,"column":0},"end":{"line":114,"column":17}},"114":{"start":{"line":115,"column":0},"end":{"line":115,"column":17}},"115":{"start":{"line":116,"column":0},"end":{"line":116,"column":16}},"116":{"start":{"line":117,"column":0},"end":{"line":117,"column":16}},"117":{"start":{"line":118,"column":0},"end":{"line":118,"column":19}},"118":{"start":{"line":119,"column":0},"end":{"line":119,"column":14}},"119":{"start":{"line":120,"column":0},"end":{"line":120,"column":17}},"120":{"start":{"line":121,"column":0},"end":{"line":121,"column":17}},"121":{"start":{"line":122,"column":0},"end":{"line":122,"column":15}},"122":{"start":{"line":123,"column":0},"end":{"line":123,"column":15}},"123":{"start":{"line":124,"column":0},"end":{"line":124,"column":13}},"124":{"start":{"line":125,"column":0},"end":{"line":125,"column":14}},"125":{"start":{"line":126,"column":0},"end":{"line":126,"column":6}},"126":{"start":{"line":127,"column":0},"end":{"line":127,"column":4}},"127":{"start":{"line":128,"column":0},"end":{"line":128,"column":7}},"128":{"start":{"line":129,"column":0},"end":{"line":129,"column":27}},"129":{"start":{"line":130,"column":0},"end":{"line":130,"column":16}},"130":{"start":{"line":131,"column":0},"end":{"line":131,"column":19}},"131":{"start":{"line":132,"column":0},"end":{"line":132,"column":22}},"132":{"start":{"line":133,"column":0},"end":{"line":133,"column":20}},"133":{"start":{"line":134,"column":0},"end":{"line":134,"column":19}},"134":{"start":{"line":135,"column":0},"end":{"line":135,"column":21}},"135":{"start":{"line":136,"column":0},"end":{"line":136,"column":17}},"136":{"start":{"line":137,"column":0},"end":{"line":137,"column":18}},"137":{"start":{"line":138,"column":0},"end":{"line":138,"column":18}},"138":{"start":{"line":139,"column":0},"end":{"line":139,"column":18}},"139":{"start":{"line":140,"column":0},"end":{"line":140,"column":16}},"140":{"start":{"line":141,"column":0},"end":{"line":141,"column":17}},"141":{"start":{"line":142,"column":0},"end":{"line":142,"column":17}},"142":{"start":{"line":143,"column":0},"end":{"line":143,"column":16}},"143":{"start":{"line":144,"column":0},"end":{"line":144,"column":16}},"144":{"start":{"line":145,"column":0},"end":{"line":145,"column":18}},"145":{"start":{"line":146,"column":0},"end":{"line":146,"column":16}},"146":{"start":{"line":147,"column":0},"end":{"line":147,"column":14}},"147":{"start":{"line":148,"column":0},"end":{"line":148,"column":18}},"148":{"start":{"line":149,"column":0},"end":{"line":149,"column":19}},"149":{"start":{"line":150,"column":0},"end":{"line":150,"column":14}},"150":{"start":{"line":151,"column":0},"end":{"line":151,"column":17}},"151":{"start":{"line":152,"column":0},"end":{"line":152,"column":16}},"152":{"start":{"line":153,"column":0},"end":{"line":153,"column":16}},"153":{"start":{"line":154,"column":0},"end":{"line":154,"column":21}},"154":{"start":{"line":155,"column":0},"end":{"line":155,"column":17}},"155":{"start":{"line":156,"column":0},"end":{"line":156,"column":20}},"156":{"start":{"line":157,"column":0},"end":{"line":157,"column":21}},"157":{"start":{"line":158,"column":0},"end":{"line":158,"column":19}},"158":{"start":{"line":159,"column":0},"end":{"line":159,"column":21}},"159":{"start":{"line":160,"column":0},"end":{"line":160,"column":20}},"160":{"start":{"line":161,"column":0},"end":{"line":161,"column":13}},"161":{"start":{"line":162,"column":0},"end":{"line":162,"column":18}},"162":{"start":{"line":163,"column":0},"end":{"line":163,"column":16}},"163":{"start":{"line":164,"column":0},"end":{"line":164,"column":17}},"164":{"start":{"line":165,"column":0},"end":{"line":165,"column":16}},"165":{"start":{"line":166,"column":0},"end":{"line":166,"column":20}},"166":{"start":{"line":167,"column":0},"end":{"line":167,"column":15}},"167":{"start":{"line":168,"column":0},"end":{"line":168,"column":20}},"168":{"start":{"line":169,"column":0},"end":{"line":169,"column":19}},"169":{"start":{"line":170,"column":0},"end":{"line":170,"column":17}},"170":{"start":{"line":171,"column":0},"end":{"line":171,"column":20}},"171":{"start":{"line":172,"column":0},"end":{"line":172,"column":19}},"172":{"start":{"line":173,"column":0},"end":{"line":173,"column":20}},"173":{"start":{"line":174,"column":0},"end":{"line":174,"column":14}},"174":{"start":{"line":175,"column":0},"end":{"line":175,"column":18}},"175":{"start":{"line":176,"column":0},"end":{"line":176,"column":15}},"176":{"start":{"line":177,"column":0},"end":{"line":177,"column":16}},"177":{"start":{"line":178,"column":0},"end":{"line":178,"column":15}},"178":{"start":{"line":179,"column":0},"end":{"line":179,"column":17}},"179":{"start":{"line":180,"column":0},"end":{"line":180,"column":17}},"180":{"start":{"line":181,"column":0},"end":{"line":181,"column":18}},"181":{"start":{"line":182,"column":0},"end":{"line":182,"column":22}},"182":{"start":{"line":183,"column":0},"end":{"line":183,"column":17}},"183":{"start":{"line":184,"column":0},"end":{"line":184,"column":17}},"184":{"start":{"line":185,"column":0},"end":{"line":185,"column":19}},"185":{"start":{"line":186,"column":0},"end":{"line":186,"column":18}},"186":{"start":{"line":187,"column":0},"end":{"line":187,"column":17}},"187":{"start":{"line":188,"column":0},"end":{"line":188,"column":17}},"188":{"start":{"line":189,"column":0},"end":{"line":189,"column":17}},"189":{"start":{"line":190,"column":0},"end":{"line":190,"column":16}},"190":{"start":{"line":191,"column":0},"end":{"line":191,"column":17}},"191":{"start":{"line":192,"column":0},"end":{"line":192,"column":18}},"192":{"start":{"line":193,"column":0},"end":{"line":193,"column":20}},"193":{"start":{"line":194,"column":0},"end":{"line":194,"column":16}},"194":{"start":{"line":195,"column":0},"end":{"line":195,"column":20}},"195":{"start":{"line":196,"column":0},"end":{"line":196,"column":21}},"196":{"start":{"line":197,"column":0},"end":{"line":197,"column":18}},"197":{"start":{"line":198,"column":0},"end":{"line":198,"column":21}},"198":{"start":{"line":199,"column":0},"end":{"line":199,"column":16}},"199":{"start":{"line":200,"column":0},"end":{"line":200,"column":21}},"200":{"start":{"line":201,"column":0},"end":{"line":201,"column":18}},"201":{"start":{"line":202,"column":0},"end":{"line":202,"column":18}},"202":{"start":{"line":203,"column":0},"end":{"line":203,"column":16}},"203":{"start":{"line":204,"column":0},"end":{"line":204,"column":18}},"204":{"start":{"line":205,"column":0},"end":{"line":205,"column":18}},"205":{"start":{"line":206,"column":0},"end":{"line":206,"column":15}},"206":{"start":{"line":207,"column":0},"end":{"line":207,"column":16}},"207":{"start":{"line":208,"column":0},"end":{"line":208,"column":17}},"208":{"start":{"line":209,"column":0},"end":{"line":209,"column":16}},"209":{"start":{"line":210,"column":0},"end":{"line":210,"column":16}},"210":{"start":{"line":211,"column":0},"end":{"line":211,"column":22}},"211":{"start":{"line":212,"column":0},"end":{"line":212,"column":20}},"212":{"start":{"line":213,"column":0},"end":{"line":213,"column":17}},"213":{"start":{"line":214,"column":0},"end":{"line":214,"column":17}},"214":{"start":{"line":215,"column":0},"end":{"line":215,"column":17}},"215":{"start":{"line":216,"column":0},"end":{"line":216,"column":19}},"216":{"start":{"line":217,"column":0},"end":{"line":217,"column":17}},"217":{"start":{"line":218,"column":0},"end":{"line":218,"column":17}},"218":{"start":{"line":219,"column":0},"end":{"line":219,"column":20}},"219":{"start":{"line":220,"column":0},"end":{"line":220,"column":17}},"220":{"start":{"line":221,"column":0},"end":{"line":221,"column":17}},"221":{"start":{"line":222,"column":0},"end":{"line":222,"column":17}},"222":{"start":{"line":223,"column":0},"end":{"line":223,"column":17}},"223":{"start":{"line":224,"column":0},"end":{"line":224,"column":20}},"224":{"start":{"line":225,"column":0},"end":{"line":225,"column":15}},"225":{"start":{"line":226,"column":0},"end":{"line":226,"column":18}},"226":{"start":{"line":227,"column":0},"end":{"line":227,"column":17}},"227":{"start":{"line":228,"column":0},"end":{"line":228,"column":19}},"228":{"start":{"line":229,"column":0},"end":{"line":229,"column":15}},"229":{"start":{"line":230,"column":0},"end":{"line":230,"column":14}},"230":{"start":{"line":231,"column":0},"end":{"line":231,"column":15}},"231":{"start":{"line":232,"column":0},"end":{"line":232,"column":6}},"232":{"start":{"line":233,"column":0},"end":{"line":233,"column":4}},"233":{"start":{"line":234,"column":0},"end":{"line":234,"column":1}},"234":{"start":{"line":235,"column":0},"end":{"line":235,"column":0}},"235":{"start":{"line":236,"column":0},"end":{"line":236,"column":18}},"236":{"start":{"line":237,"column":0},"end":{"line":237,"column":87}},"237":{"start":{"line":238,"column":0},"end":{"line":238,"column":68}},"238":{"start":{"line":239,"column":0},"end":{"line":239,"column":1}},"239":{"start":{"line":240,"column":0},"end":{"line":240,"column":0}},"240":{"start":{"line":241,"column":0},"end":{"line":241,"column":3}},"241":{"start":{"line":242,"column":0},"end":{"line":242,"column":42}},"242":{"start":{"line":243,"column":0},"end":{"line":243,"column":3}},"243":{"start":{"line":244,"column":0},"end":{"line":244,"column":65}},"244":{"start":{"line":245,"column":0},"end":{"line":245,"column":47}},"245":{"start":{"line":246,"column":0},"end":{"line":246,"column":70}},"246":{"start":{"line":247,"column":0},"end":{"line":247,"column":40}},"247":{"start":{"line":248,"column":0},"end":{"line":248,"column":0}},"248":{"start":{"line":249,"column":0},"end":{"line":249,"column":32}},"249":{"start":{"line":250,"column":0},"end":{"line":250,"column":32}},"250":{"start":{"line":251,"column":0},"end":{"line":251,"column":88}},"251":{"start":{"line":252,"column":0},"end":{"line":252,"column":0}},"252":{"start":{"line":253,"column":0},"end":{"line":253,"column":36}},"253":{"start":{"line":254,"column":0},"end":{"line":254,"column":74}},"254":{"start":{"line":255,"column":0},"end":{"line":255,"column":0}},"255":{"start":{"line":256,"column":0},"end":{"line":256,"column":38}},"256":{"start":{"line":257,"column":0},"end":{"line":257,"column":67}},"257":{"start":{"line":258,"column":0},"end":{"line":258,"column":50}},"258":{"start":{"line":259,"column":0},"end":{"line":259,"column":22}},"259":{"start":{"line":260,"column":0},"end":{"line":260,"column":0}},"260":{"start":{"line":261,"column":0},"end":{"line":261,"column":63}},"261":{"start":{"line":262,"column":0},"end":{"line":262,"column":50}},"262":{"start":{"line":263,"column":0},"end":{"line":263,"column":40}},"263":{"start":{"line":264,"column":0},"end":{"line":264,"column":0}},"264":{"start":{"line":265,"column":0},"end":{"line":265,"column":29}},"265":{"start":{"line":266,"column":0},"end":{"line":266,"column":42}},"266":{"start":{"line":267,"column":0},"end":{"line":267,"column":38}},"267":{"start":{"line":268,"column":0},"end":{"line":268,"column":0}},"268":{"start":{"line":269,"column":0},"end":{"line":269,"column":37}},"269":{"start":{"line":270,"column":0},"end":{"line":270,"column":0}},"270":{"start":{"line":271,"column":0},"end":{"line":271,"column":71}},"271":{"start":{"line":272,"column":0},"end":{"line":272,"column":53}},"272":{"start":{"line":273,"column":0},"end":{"line":273,"column":19}},"273":{"start":{"line":274,"column":0},"end":{"line":274,"column":32}},"274":{"start":{"line":275,"column":0},"end":{"line":275,"column":16}},"275":{"start":{"line":276,"column":0},"end":{"line":276,"column":16}},"276":{"start":{"line":277,"column":0},"end":{"line":277,"column":0}},"277":{"start":{"line":278,"column":0},"end":{"line":278,"column":24}},"278":{"start":{"line":279,"column":0},"end":{"line":279,"column":35}},"279":{"start":{"line":280,"column":0},"end":{"line":280,"column":76}},"280":{"start":{"line":281,"column":0},"end":{"line":281,"column":9}},"281":{"start":{"line":282,"column":0},"end":{"line":282,"column":62}},"282":{"start":{"line":283,"column":0},"end":{"line":283,"column":38}},"283":{"start":{"line":284,"column":0},"end":{"line":284,"column":7}},"284":{"start":{"line":285,"column":0},"end":{"line":285,"column":6}},"285":{"start":{"line":286,"column":0},"end":{"line":286,"column":4}},"286":{"start":{"line":287,"column":0},"end":{"line":287,"column":0}},"287":{"start":{"line":288,"column":0},"end":{"line":288,"column":30}},"288":{"start":{"line":289,"column":0},"end":{"line":289,"column":18}},"289":{"start":{"line":290,"column":0},"end":{"line":290,"column":22}},"290":{"start":{"line":291,"column":0},"end":{"line":291,"column":66}},"291":{"start":{"line":292,"column":0},"end":{"line":292,"column":7}},"292":{"start":{"line":293,"column":0},"end":{"line":293,"column":48}},"293":{"start":{"line":294,"column":0},"end":{"line":294,"column":16}},"294":{"start":{"line":295,"column":0},"end":{"line":295,"column":22}},"295":{"start":{"line":296,"column":0},"end":{"line":296,"column":1}},"296":{"start":{"line":297,"column":0},"end":{"line":297,"column":0}},"297":{"start":{"line":298,"column":0},"end":{"line":298,"column":35}},"298":{"start":{"line":299,"column":0},"end":{"line":299,"column":0}},"299":{"start":{"line":300,"column":0},"end":{"line":300,"column":40}},"300":{"start":{"line":301,"column":0},"end":{"line":301,"column":58}},"301":{"start":{"line":302,"column":0},"end":{"line":302,"column":0}},"302":{"start":{"line":303,"column":0},"end":{"line":303,"column":3}},"303":{"start":{"line":304,"column":0},"end":{"line":304,"column":59}},"304":{"start":{"line":305,"column":0},"end":{"line":305,"column":3}},"305":{"start":{"line":306,"column":0},"end":{"line":306,"column":63}},"306":{"start":{"line":307,"column":0},"end":{"line":307,"column":35}},"307":{"start":{"line":308,"column":0},"end":{"line":308,"column":48}},"308":{"start":{"line":309,"column":0},"end":{"line":309,"column":0}},"309":{"start":{"line":310,"column":0},"end":{"line":310,"column":43}},"310":{"start":{"line":311,"column":0},"end":{"line":311,"column":39}},"311":{"start":{"line":312,"column":0},"end":{"line":312,"column":91}},"312":{"start":{"line":313,"column":0},"end":{"line":313,"column":58}},"313":{"start":{"line":314,"column":0},"end":{"line":314,"column":23}},"314":{"start":{"line":315,"column":0},"end":{"line":315,"column":38}},"315":{"start":{"line":316,"column":0},"end":{"line":316,"column":18}},"316":{"start":{"line":317,"column":0},"end":{"line":317,"column":92}},"317":{"start":{"line":318,"column":0},"end":{"line":318,"column":40}},"318":{"start":{"line":319,"column":0},"end":{"line":319,"column":5}},"319":{"start":{"line":320,"column":0},"end":{"line":320,"column":0}},"320":{"start":{"line":321,"column":0},"end":{"line":321,"column":65}},"321":{"start":{"line":322,"column":0},"end":{"line":322,"column":16}},"322":{"start":{"line":323,"column":0},"end":{"line":323,"column":47}},"323":{"start":{"line":324,"column":0},"end":{"line":324,"column":48}},"324":{"start":{"line":325,"column":0},"end":{"line":325,"column":8}},"325":{"start":{"line":326,"column":0},"end":{"line":326,"column":6}},"326":{"start":{"line":327,"column":0},"end":{"line":327,"column":0}},"327":{"start":{"line":328,"column":0},"end":{"line":328,"column":23}},"328":{"start":{"line":329,"column":0},"end":{"line":329,"column":66}},"329":{"start":{"line":330,"column":0},"end":{"line":330,"column":48}},"330":{"start":{"line":331,"column":0},"end":{"line":331,"column":5}},"331":{"start":{"line":332,"column":0},"end":{"line":332,"column":0}},"332":{"start":{"line":333,"column":0},"end":{"line":333,"column":38}},"333":{"start":{"line":334,"column":0},"end":{"line":334,"column":38}},"334":{"start":{"line":335,"column":0},"end":{"line":335,"column":42}},"335":{"start":{"line":336,"column":0},"end":{"line":336,"column":18}},"336":{"start":{"line":337,"column":0},"end":{"line":337,"column":3}},"337":{"start":{"line":338,"column":0},"end":{"line":338,"column":0}},"338":{"start":{"line":339,"column":0},"end":{"line":339,"column":79}},"339":{"start":{"line":340,"column":0},"end":{"line":340,"column":15}},"340":{"start":{"line":341,"column":0},"end":{"line":341,"column":97}},"341":{"start":{"line":342,"column":0},"end":{"line":342,"column":17}},"342":{"start":{"line":343,"column":0},"end":{"line":343,"column":3}},"343":{"start":{"line":344,"column":0},"end":{"line":344,"column":0}},"344":{"start":{"line":345,"column":0},"end":{"line":345,"column":45}},"345":{"start":{"line":346,"column":0},"end":{"line":346,"column":32}},"346":{"start":{"line":347,"column":0},"end":{"line":347,"column":1}},"347":{"start":{"line":348,"column":0},"end":{"line":348,"column":0}},"348":{"start":{"line":349,"column":0},"end":{"line":349,"column":3}},"349":{"start":{"line":350,"column":0},"end":{"line":350,"column":60}},"350":{"start":{"line":351,"column":0},"end":{"line":351,"column":3}},"351":{"start":{"line":352,"column":0},"end":{"line":352,"column":41}},"352":{"start":{"line":353,"column":0},"end":{"line":353,"column":17}},"353":{"start":{"line":354,"column":0},"end":{"line":354,"column":49}},"354":{"start":{"line":355,"column":0},"end":{"line":355,"column":0}},"355":{"start":{"line":356,"column":0},"end":{"line":356,"column":39}},"356":{"start":{"line":357,"column":0},"end":{"line":357,"column":91}},"357":{"start":{"line":358,"column":0},"end":{"line":358,"column":58}},"358":{"start":{"line":359,"column":0},"end":{"line":359,"column":55}},"359":{"start":{"line":360,"column":0},"end":{"line":360,"column":0}},"360":{"start":{"line":361,"column":0},"end":{"line":361,"column":71}},"361":{"start":{"line":362,"column":0},"end":{"line":362,"column":16}},"362":{"start":{"line":363,"column":0},"end":{"line":363,"column":47}},"363":{"start":{"line":364,"column":0},"end":{"line":364,"column":48}},"364":{"start":{"line":365,"column":0},"end":{"line":365,"column":8}},"365":{"start":{"line":366,"column":0},"end":{"line":366,"column":6}},"366":{"start":{"line":367,"column":0},"end":{"line":367,"column":0}},"367":{"start":{"line":368,"column":0},"end":{"line":368,"column":55}},"368":{"start":{"line":369,"column":0},"end":{"line":369,"column":0}},"369":{"start":{"line":370,"column":0},"end":{"line":370,"column":38}},"370":{"start":{"line":371,"column":0},"end":{"line":371,"column":64}},"371":{"start":{"line":372,"column":0},"end":{"line":372,"column":44}},"372":{"start":{"line":373,"column":0},"end":{"line":373,"column":19}},"373":{"start":{"line":374,"column":0},"end":{"line":374,"column":3}},"374":{"start":{"line":375,"column":0},"end":{"line":375,"column":0}},"375":{"start":{"line":376,"column":0},"end":{"line":376,"column":15}},"376":{"start":{"line":377,"column":0},"end":{"line":377,"column":99}},"377":{"start":{"line":378,"column":0},"end":{"line":378,"column":17}},"378":{"start":{"line":379,"column":0},"end":{"line":379,"column":3}},"379":{"start":{"line":380,"column":0},"end":{"line":380,"column":0}},"380":{"start":{"line":381,"column":0},"end":{"line":381,"column":32}},"381":{"start":{"line":382,"column":0},"end":{"line":382,"column":1}},"382":{"start":{"line":383,"column":0},"end":{"line":383,"column":0}},"383":{"start":{"line":384,"column":0},"end":{"line":384,"column":43}},"384":{"start":{"line":385,"column":0},"end":{"line":385,"column":0}},"385":{"start":{"line":386,"column":0},"end":{"line":386,"column":3}},"386":{"start":{"line":387,"column":0},"end":{"line":387,"column":33}},"387":{"start":{"line":388,"column":0},"end":{"line":388,"column":3}},"388":{"start":{"line":389,"column":0},"end":{"line":389,"column":38}},"389":{"start":{"line":390,"column":0},"end":{"line":390,"column":33}},"390":{"start":{"line":391,"column":0},"end":{"line":391,"column":26}},"391":{"start":{"line":392,"column":0},"end":{"line":392,"column":17}},"392":{"start":{"line":393,"column":0},"end":{"line":393,"column":3}},"393":{"start":{"line":394,"column":0},"end":{"line":394,"column":85}},"394":{"start":{"line":395,"column":0},"end":{"line":395,"column":18}},"395":{"start":{"line":396,"column":0},"end":{"line":396,"column":16}},"396":{"start":{"line":397,"column":0},"end":{"line":397,"column":4}},"397":{"start":{"line":398,"column":0},"end":{"line":398,"column":56}},"398":{"start":{"line":399,"column":0},"end":{"line":399,"column":0}},"399":{"start":{"line":400,"column":0},"end":{"line":400,"column":76}},"400":{"start":{"line":401,"column":0},"end":{"line":401,"column":0}},"401":{"start":{"line":402,"column":0},"end":{"line":402,"column":22}},"402":{"start":{"line":403,"column":0},"end":{"line":403,"column":90}},"403":{"start":{"line":404,"column":0},"end":{"line":404,"column":18}},"404":{"start":{"line":405,"column":0},"end":{"line":405,"column":38}},"405":{"start":{"line":406,"column":0},"end":{"line":406,"column":90}},"406":{"start":{"line":407,"column":0},"end":{"line":407,"column":5}},"407":{"start":{"line":408,"column":0},"end":{"line":408,"column":48}},"408":{"start":{"line":409,"column":0},"end":{"line":409,"column":3}},"409":{"start":{"line":410,"column":0},"end":{"line":410,"column":0}},"410":{"start":{"line":411,"column":0},"end":{"line":411,"column":68}},"411":{"start":{"line":412,"column":0},"end":{"line":412,"column":38}},"412":{"start":{"line":413,"column":0},"end":{"line":413,"column":28}},"413":{"start":{"line":414,"column":0},"end":{"line":414,"column":75}},"414":{"start":{"line":415,"column":0},"end":{"line":415,"column":71}},"415":{"start":{"line":416,"column":0},"end":{"line":416,"column":34}},"416":{"start":{"line":417,"column":0},"end":{"line":417,"column":4}},"417":{"start":{"line":418,"column":0},"end":{"line":418,"column":0}},"418":{"start":{"line":419,"column":0},"end":{"line":419,"column":56}},"419":{"start":{"line":420,"column":0},"end":{"line":420,"column":67}},"420":{"start":{"line":421,"column":0},"end":{"line":421,"column":19}},"421":{"start":{"line":422,"column":0},"end":{"line":422,"column":91}},"422":{"start":{"line":423,"column":0},"end":{"line":423,"column":71}},"423":{"start":{"line":424,"column":0},"end":{"line":424,"column":0}},"424":{"start":{"line":425,"column":0},"end":{"line":425,"column":25}},"425":{"start":{"line":426,"column":0},"end":{"line":426,"column":55}},"426":{"start":{"line":427,"column":0},"end":{"line":427,"column":32}},"427":{"start":{"line":428,"column":0},"end":{"line":428,"column":48}},"428":{"start":{"line":429,"column":0},"end":{"line":429,"column":42}},"429":{"start":{"line":430,"column":0},"end":{"line":430,"column":19}},"430":{"start":{"line":431,"column":0},"end":{"line":431,"column":34}},"431":{"start":{"line":432,"column":0},"end":{"line":432,"column":22}},"432":{"start":{"line":433,"column":0},"end":{"line":433,"column":5}},"433":{"start":{"line":434,"column":0},"end":{"line":434,"column":0}},"434":{"start":{"line":435,"column":0},"end":{"line":435,"column":53}},"435":{"start":{"line":436,"column":0},"end":{"line":436,"column":64}},"436":{"start":{"line":437,"column":0},"end":{"line":437,"column":60}},"437":{"start":{"line":438,"column":0},"end":{"line":438,"column":105}},"438":{"start":{"line":439,"column":0},"end":{"line":439,"column":53}},"439":{"start":{"line":440,"column":0},"end":{"line":440,"column":5}},"440":{"start":{"line":441,"column":0},"end":{"line":441,"column":0}},"441":{"start":{"line":442,"column":0},"end":{"line":442,"column":9}},"442":{"start":{"line":443,"column":0},"end":{"line":443,"column":65}},"443":{"start":{"line":444,"column":0},"end":{"line":444,"column":23}},"444":{"start":{"line":445,"column":0},"end":{"line":445,"column":18}},"445":{"start":{"line":446,"column":0},"end":{"line":446,"column":45}},"446":{"start":{"line":447,"column":0},"end":{"line":447,"column":49}},"447":{"start":{"line":448,"column":0},"end":{"line":448,"column":50}},"448":{"start":{"line":449,"column":0},"end":{"line":449,"column":10}},"449":{"start":{"line":450,"column":0},"end":{"line":450,"column":42}},"450":{"start":{"line":451,"column":0},"end":{"line":451,"column":8}},"451":{"start":{"line":452,"column":0},"end":{"line":452,"column":0}},"452":{"start":{"line":453,"column":0},"end":{"line":453,"column":36}},"453":{"start":{"line":454,"column":0},"end":{"line":454,"column":58}},"454":{"start":{"line":455,"column":0},"end":{"line":455,"column":20}},"455":{"start":{"line":456,"column":0},"end":{"line":456,"column":93}},"456":{"start":{"line":457,"column":0},"end":{"line":457,"column":42}},"457":{"start":{"line":458,"column":0},"end":{"line":458,"column":7}},"458":{"start":{"line":459,"column":0},"end":{"line":459,"column":0}},"459":{"start":{"line":460,"column":0},"end":{"line":460,"column":25}},"460":{"start":{"line":461,"column":0},"end":{"line":461,"column":47}},"461":{"start":{"line":462,"column":0},"end":{"line":462,"column":47}},"462":{"start":{"line":463,"column":0},"end":{"line":463,"column":37}},"463":{"start":{"line":464,"column":0},"end":{"line":464,"column":64}},"464":{"start":{"line":465,"column":0},"end":{"line":465,"column":76}},"465":{"start":{"line":466,"column":0},"end":{"line":466,"column":9}},"466":{"start":{"line":467,"column":0},"end":{"line":467,"column":34}},"467":{"start":{"line":468,"column":0},"end":{"line":468,"column":7}},"468":{"start":{"line":469,"column":0},"end":{"line":469,"column":0}},"469":{"start":{"line":470,"column":0},"end":{"line":470,"column":42}},"470":{"start":{"line":471,"column":0},"end":{"line":471,"column":52}},"471":{"start":{"line":472,"column":0},"end":{"line":472,"column":0}},"472":{"start":{"line":473,"column":0},"end":{"line":473,"column":66}},"473":{"start":{"line":474,"column":0},"end":{"line":474,"column":48}},"474":{"start":{"line":475,"column":0},"end":{"line":475,"column":13}},"475":{"start":{"line":476,"column":0},"end":{"line":476,"column":73}},"476":{"start":{"line":477,"column":0},"end":{"line":477,"column":27}},"477":{"start":{"line":478,"column":0},"end":{"line":478,"column":22}},"478":{"start":{"line":479,"column":0},"end":{"line":479,"column":49}},"479":{"start":{"line":480,"column":0},"end":{"line":480,"column":53}},"480":{"start":{"line":481,"column":0},"end":{"line":481,"column":54}},"481":{"start":{"line":482,"column":0},"end":{"line":482,"column":14}},"482":{"start":{"line":483,"column":0},"end":{"line":483,"column":44}},"483":{"start":{"line":484,"column":0},"end":{"line":484,"column":12}},"484":{"start":{"line":485,"column":0},"end":{"line":485,"column":32}},"485":{"start":{"line":486,"column":0},"end":{"line":486,"column":17}},"486":{"start":{"line":487,"column":0},"end":{"line":487,"column":22}},"487":{"start":{"line":488,"column":0},"end":{"line":488,"column":9}},"488":{"start":{"line":489,"column":0},"end":{"line":489,"column":76}},"489":{"start":{"line":490,"column":0},"end":{"line":490,"column":0}},"490":{"start":{"line":491,"column":0},"end":{"line":491,"column":19}},"491":{"start":{"line":492,"column":0},"end":{"line":492,"column":26}},"492":{"start":{"line":493,"column":0},"end":{"line":493,"column":47}},"493":{"start":{"line":494,"column":0},"end":{"line":494,"column":74}},"494":{"start":{"line":495,"column":0},"end":{"line":495,"column":58}},"495":{"start":{"line":496,"column":0},"end":{"line":496,"column":74}},"496":{"start":{"line":497,"column":0},"end":{"line":497,"column":61}},"497":{"start":{"line":498,"column":0},"end":{"line":498,"column":7}},"498":{"start":{"line":499,"column":0},"end":{"line":499,"column":17}},"499":{"start":{"line":500,"column":0},"end":{"line":500,"column":5}},"500":{"start":{"line":501,"column":0},"end":{"line":501,"column":4}},"501":{"start":{"line":502,"column":0},"end":{"line":502,"column":1}},"502":{"start":{"line":503,"column":0},"end":{"line":503,"column":0}},"503":{"start":{"line":504,"column":0},"end":{"line":504,"column":3}},"504":{"start":{"line":505,"column":0},"end":{"line":505,"column":38}},"505":{"start":{"line":506,"column":0},"end":{"line":506,"column":3}},"506":{"start":{"line":507,"column":0},"end":{"line":507,"column":71}},"507":{"start":{"line":508,"column":0},"end":{"line":508,"column":62}},"508":{"start":{"line":509,"column":0},"end":{"line":509,"column":34}},"509":{"start":{"line":510,"column":0},"end":{"line":510,"column":59}},"510":{"start":{"line":511,"column":0},"end":{"line":511,"column":17}},"511":{"start":{"line":512,"column":0},"end":{"line":512,"column":1}},"512":{"start":{"line":513,"column":0},"end":{"line":513,"column":0}},"513":{"start":{"line":514,"column":0},"end":{"line":514,"column":3}},"514":{"start":{"line":515,"column":0},"end":{"line":515,"column":34}},"515":{"start":{"line":516,"column":0},"end":{"line":516,"column":3}},"516":{"start":{"line":517,"column":0},"end":{"line":517,"column":57}},"517":{"start":{"line":518,"column":0},"end":{"line":518,"column":89}},"518":{"start":{"line":519,"column":0},"end":{"line":519,"column":56}},"519":{"start":{"line":520,"column":0},"end":{"line":520,"column":0}},"520":{"start":{"line":521,"column":0},"end":{"line":521,"column":94}},"521":{"start":{"line":522,"column":0},"end":{"line":522,"column":59}},"522":{"start":{"line":523,"column":0},"end":{"line":523,"column":0}},"523":{"start":{"line":524,"column":0},"end":{"line":524,"column":73}},"524":{"start":{"line":525,"column":0},"end":{"line":525,"column":19}},"525":{"start":{"line":526,"column":0},"end":{"line":526,"column":14}},"526":{"start":{"line":527,"column":0},"end":{"line":527,"column":41}},"527":{"start":{"line":528,"column":0},"end":{"line":528,"column":64}},"528":{"start":{"line":529,"column":0},"end":{"line":529,"column":46}},"529":{"start":{"line":530,"column":0},"end":{"line":530,"column":6}},"530":{"start":{"line":531,"column":0},"end":{"line":531,"column":49}},"531":{"start":{"line":532,"column":0},"end":{"line":532,"column":4}},"532":{"start":{"line":533,"column":0},"end":{"line":533,"column":0}},"533":{"start":{"line":534,"column":0},"end":{"line":534,"column":21}},"534":{"start":{"line":535,"column":0},"end":{"line":535,"column":47}},"535":{"start":{"line":536,"column":0},"end":{"line":536,"column":3}},"536":{"start":{"line":537,"column":0},"end":{"line":537,"column":0}},"537":{"start":{"line":538,"column":0},"end":{"line":538,"column":36}},"538":{"start":{"line":539,"column":0},"end":{"line":539,"column":28}},"539":{"start":{"line":540,"column":0},"end":{"line":540,"column":1}},"540":{"start":{"line":541,"column":0},"end":{"line":541,"column":0}},"541":{"start":{"line":542,"column":0},"end":{"line":542,"column":3}},"542":{"start":{"line":543,"column":0},"end":{"line":543,"column":35}},"543":{"start":{"line":544,"column":0},"end":{"line":544,"column":3}},"544":{"start":{"line":545,"column":0},"end":{"line":545,"column":53}},"545":{"start":{"line":546,"column":0},"end":{"line":546,"column":89}},"546":{"start":{"line":547,"column":0},"end":{"line":547,"column":56}},"547":{"start":{"line":548,"column":0},"end":{"line":548,"column":0}},"548":{"start":{"line":549,"column":0},"end":{"line":549,"column":51}},"549":{"start":{"line":550,"column":0},"end":{"line":550,"column":0}},"550":{"start":{"line":551,"column":0},"end":{"line":551,"column":63}},"551":{"start":{"line":552,"column":0},"end":{"line":552,"column":19}},"552":{"start":{"line":553,"column":0},"end":{"line":553,"column":14}},"553":{"start":{"line":554,"column":0},"end":{"line":554,"column":41}},"554":{"start":{"line":555,"column":0},"end":{"line":555,"column":45}},"555":{"start":{"line":556,"column":0},"end":{"line":556,"column":46}},"556":{"start":{"line":557,"column":0},"end":{"line":557,"column":6}},"557":{"start":{"line":558,"column":0},"end":{"line":558,"column":37}},"558":{"start":{"line":559,"column":0},"end":{"line":559,"column":4}},"559":{"start":{"line":560,"column":0},"end":{"line":560,"column":0}},"560":{"start":{"line":561,"column":0},"end":{"line":561,"column":21}},"561":{"start":{"line":562,"column":0},"end":{"line":562,"column":46}},"562":{"start":{"line":563,"column":0},"end":{"line":563,"column":3}},"563":{"start":{"line":564,"column":0},"end":{"line":564,"column":0}},"564":{"start":{"line":565,"column":0},"end":{"line":565,"column":30}},"565":{"start":{"line":566,"column":0},"end":{"line":566,"column":1}}},"s":{"0":0,"1":0,"2":0,"3":0,"4":0,"5":0,"6":0,"7":0,"8":0,"9":0,"10":0,"11":0,"12":0,"13":0,"14":0,"15":0,"16":0,"17":0,"18":0,"19":0,"20":0,"21":0,"22":0,"23":0,"24":0,"25":0,"26":0,"27":0,"28":0,"29":0,"30":0,"31":0,"32":0,"33":0,"34":0,"35":0,"36":0,"37":0,"38":0,"39":0,"40":0,"41":0,"42":0,"43":0,"44":0,"45":0,"46":0,"47":0,"48":0,"49":0,"50":0,"51":0,"52":0,"53":0,"54":0,"55":0,"56":0,"57":0,"58":0,"59":0,"60":0,"61":0,"62":0,"63":0,"64":0,"65":0,"66":0,"67":0,"68":0,"69":0,"70":0,"71":0,"72":0,"73":0,"74":0,"75":0,"76":0,"77":0,"78":0,"79":0,"80":0,"81":0,"82":0,"83":0,"84":0,"85":0,"86":0,"87":0,"88":0,"89":0,"90":0,"91":0,"92":0,"93":0,"94":0,"95":0,"96":0,"97":0,"98":0,"99":0,"100":0,"101":0,"102":0,"103":0,"104":0,"105":0,"106":0,"107":0,"108":0,"109":0,"110":0,"111":0,"112":0,"113":0,"114":0,"115":0,"116":0,"117":0,"118":0,"119":0,"120":0,"121":0,"122":0,"123":0,"124":0,"125":0,"126":0,"127":0,"128":0,"129":0,"130":0,"131":0,"132":0,"133":0,"134":0,"135":0,"136":0,"137":0,"138":0,"139":0,"140":0,"141":0,"142":0,"143":0,"144":0,"145":0,"146":0,"147":0,"148":0,"149":0,"150":0,"151":0,"152":0,"153":0,"154":0,"155":0,"156":0,"157":0,"158":0,"159":0,"160":0,"161":0,"162":0,"163":0,"164":0,"165":0,"166":0,"167":0,"168":0,"169":0,"170":0,"171":0,"172":0,"173":0,"174":0,"175":0,"176":0,"177":0,"178":0,"179":0,"180":0,"181":0,"182":0,"183":0,"184":0,"185":0,"186":0,"187":0,"188":0,"189":0,"190":0,"191":0,"192":0,"193":0,"194":0,"195":0,"196":0,"197":0,"198":0,"199":0,"200":0,"201":0,"202":0,"203":0,"204":0,"205":0,"206":0,"207":0,"208":0,"209":0,"210":0,"211":0,"212":0,"213":0,"214":0,"215":0,"216":0,"217":0,"218":0,"219":0,"220":0,"221":0,"222":0,"223":0,"224":0,"225":0,"226":0,"227":0,"228":0,"229":0,"230":0,"231":0,"232":0,"233":0,"234":0,"235":0,"236":0,"237":0,"238":0,"239":0,"240":0,"241":0,"242":0,"243":0,"244":0,"245":0,"246":0,"247":0,"248":0,"249":0,"250":0,"251":0,"252":0,"253":0,"254":0,"255":0,"256":0,"257":0,"258":0,"259":0,"260":0,"261":0,"262":0,"263":0,"264":0,"265":0,"266":0,"267":0,"268":0,"269":0,"270":0,"271":0,"272":0,"273":0,"274":0,"275":0,"276":0,"277":0,"278":0,"279":0,"280":0,"281":0,"282":0,"283":0,"284":0,"285":0,"286":0,"287":0,"288":0,"289":0,"290":0,"291":0,"292":0,"293":0,"294":0,"295":0,"296":0,"297":0,"298":0,"299":0,"300":0,"301":0,"302":0,"303":0,"304":0,"305":0,"306":0,"307":0,"308":0,"309":0,"310":0,"311":0,"312":0,"313":0,"314":0,"315":0,"316":0,"317":0,"318":0,"319":0,"320":0,"321":0,"322":0,"323":0,"324":0,"325":0,"326":0,"327":0,"328":0,"329":0,"330":0,"331":0,"332":0,"333":0,"334":0,"335":0,"336":0,"337":0,"338":0,"339":0,"340":0,"341":0,"342":0,"343":0,"344":0,"345":0,"346":0,"347":0,"348":0,"349":0,"350":0,"351":0,"352":0,"353":0,"354":0,"355":0,"356":0,"357":0,"358":0,"359":0,"360":0,"361":0,"362":0,"363":0,"364":0,"365":0,"366":0,"367":0,"368":0,"369":0,"370":0,"371":0,"372":0,"373":0,"374":0,"375":0,"376":0,"377":0,"378":0,"379":0,"380":0,"381":0,"382":0,"383":0,"384":0,"385":0,"386":0,"387":0,"388":0,"389":0,"390":0,"391":0,"392":0,"393":0,"394":0,"395":0,"396":0,"397":0,"398":0,"399":0,"400":0,"401":0,"402":0,"403":0,"404":0,"405":0,"406":0,"407":0,"408":0,"409":0,"410":0,"411":0,"412":0,"413":0,"414":0,"415":0,"416":0,"417":0,"418":0,"419":0,"420":0,"421":0,"422":0,"423":0,"424":0,"425":0,"426":0,"427":0,"428":0,"429":0,"430":0,"431":0,"432":0,"433":0,"434":0,"435":0,"436":0,"437":0,"438":0,"439":0,"440":0,"441":0,"442":0,"443":0,"444":0,"445":0,"446":0,"447":0,"448":0,"449":0,"450":0,"451":0,"452":0,"453":0,"454":0,"455":0,"456":0,"457":0,"458":0,"459":0,"460":0,"461":0,"462":0,"463":0,"464":0,"465":0,"466":0,"467":0,"468":0,"469":0,"470":0,"471":0,"472":0,"473":0,"474":0,"475":0,"476":0,"477":0,"478":0,"479":0,"480":0,"481":0,"482":0,"483":0,"484":0,"485":0,"486":0,"487":0,"488":0,"489":0,"490":0,"491":0,"492":0,"493":0,"494":0,"495":0,"496":0,"497":0,"498":0,"499":0,"500":0,"501":0,"502":0,"503":0,"504":0,"505":0,"506":0,"507":0,"508":0,"509":0,"510":0,"511":0,"512":0,"513":0,"514":0,"515":0,"516":0,"517":0,"518":0,"519":0,"520":0,"521":0,"522":0,"523":0,"524":0,"525":0,"526":0,"527":0,"528":0,"529":0,"530":0,"531":0,"532":0,"533":0,"534":0,"535":0,"536":0,"537":0,"538":0,"539":0,"540":0,"541":0,"542":0,"543":0,"544":0,"545":0,"546":0,"547":0,"548":0,"549":0,"550":0,"551":0,"552":0,"553":0,"554":0,"555":0,"556":0,"557":0,"558":0,"559":0,"560":0,"561":0,"562":0,"563":0,"564":0,"565":0},"branchMap":{"0":{"type":"branch","line":1,"loc":{"start":{"line":1,"column":0},"end":{"line":566,"column":1}},"locations":[{"start":{"line":1,"column":0},"end":{"line":566,"column":1}}]}},"b":{"0":[0]},"fnMap":{"0":{"name":"(empty-report)","decl":{"start":{"line":1,"column":0},"end":{"line":566,"column":1}},"loc":{"start":{"line":1,"column":0},"end":{"line":566,"column":1}},"line":1}},"f":{"0":0}}
,"/home/stefanov/Projects/In Progress/Chat Organizer Cursor/apps/extension_v3/src/background/modules/dynamicMenus.ts": {"path":"/home/stefanov/Projects/In Progress/Chat Organizer Cursor/apps/extension_v3/src/background/modules/dynamicMenus.ts","all":true,"statementMap":{"0":{"start":{"line":1,"column":0},"end":{"line":1,"column":3}},"1":{"start":{"line":2,"column":0},"end":{"line":2,"column":15}},"2":{"start":{"line":3,"column":0},"end":{"line":3,"column":2}},"3":{"start":{"line":4,"column":0},"end":{"line":4,"column":19}},"4":{"start":{"line":5,"column":0},"end":{"line":5,"column":36}},"5":{"start":{"line":6,"column":0},"end":{"line":6,"column":47}},"6":{"start":{"line":7,"column":0},"end":{"line":7,"column":58}},"7":{"start":{"line":8,"column":0},"end":{"line":8,"column":45}},"8":{"start":{"line":9,"column":0},"end":{"line":9,"column":3}},"9":{"start":{"line":10,"column":0},"end":{"line":10,"column":74}},"10":{"start":{"line":11,"column":0},"end":{"line":11,"column":0}},"11":{"start":{"line":12,"column":0},"end":{"line":12,"column":46}},"12":{"start":{"line":13,"column":0},"end":{"line":13,"column":0}},"13":{"start":{"line":14,"column":0},"end":{"line":14,"column":37}},"14":{"start":{"line":15,"column":0},"end":{"line":15,"column":37}},"15":{"start":{"line":16,"column":0},"end":{"line":16,"column":0}},"16":{"start":{"line":17,"column":0},"end":{"line":17,"column":106}},"17":{"start":{"line":18,"column":0},"end":{"line":18,"column":66}},"18":{"start":{"line":19,"column":0},"end":{"line":19,"column":0}},"19":{"start":{"line":20,"column":0},"end":{"line":20,"column":27}},"20":{"start":{"line":21,"column":0},"end":{"line":21,"column":40}},"21":{"start":{"line":22,"column":0},"end":{"line":22,"column":61}},"22":{"start":{"line":23,"column":0},"end":{"line":23,"column":0}},"23":{"start":{"line":24,"column":0},"end":{"line":24,"column":47}},"24":{"start":{"line":25,"column":0},"end":{"line":25,"column":34}},"25":{"start":{"line":26,"column":0},"end":{"line":26,"column":58}},"26":{"start":{"line":27,"column":0},"end":{"line":27,"column":3}},"27":{"start":{"line":28,"column":0},"end":{"line":28,"column":0}},"28":{"start":{"line":29,"column":0},"end":{"line":29,"column":16}},"29":{"start":{"line":30,"column":0},"end":{"line":30,"column":29}},"30":{"start":{"line":31,"column":0},"end":{"line":31,"column":67}},"31":{"start":{"line":32,"column":0},"end":{"line":32,"column":0}},"32":{"start":{"line":33,"column":0},"end":{"line":33,"column":20}},"33":{"start":{"line":34,"column":0},"end":{"line":34,"column":23}},"34":{"start":{"line":35,"column":0},"end":{"line":35,"column":0}},"35":{"start":{"line":36,"column":0},"end":{"line":36,"column":52}},"36":{"start":{"line":37,"column":0},"end":{"line":37,"column":65}},"37":{"start":{"line":38,"column":0},"end":{"line":38,"column":10}},"38":{"start":{"line":39,"column":0},"end":{"line":39,"column":31}},"39":{"start":{"line":40,"column":0},"end":{"line":40,"column":45}},"40":{"start":{"line":41,"column":0},"end":{"line":41,"column":52}},"41":{"start":{"line":42,"column":0},"end":{"line":42,"column":44}},"42":{"start":{"line":43,"column":0},"end":{"line":43,"column":9}},"43":{"start":{"line":44,"column":0},"end":{"line":44,"column":66}},"44":{"start":{"line":45,"column":0},"end":{"line":45,"column":27}},"45":{"start":{"line":46,"column":0},"end":{"line":46,"column":7}},"46":{"start":{"line":47,"column":0},"end":{"line":47,"column":6}},"47":{"start":{"line":48,"column":0},"end":{"line":48,"column":0}},"48":{"start":{"line":49,"column":0},"end":{"line":49,"column":53}},"49":{"start":{"line":50,"column":0},"end":{"line":50,"column":3}},"50":{"start":{"line":51,"column":0},"end":{"line":51,"column":0}},"51":{"start":{"line":52,"column":0},"end":{"line":52,"column":30}},"52":{"start":{"line":53,"column":0},"end":{"line":53,"column":30}},"53":{"start":{"line":54,"column":0},"end":{"line":54,"column":0}},"54":{"start":{"line":55,"column":0},"end":{"line":55,"column":24}},"55":{"start":{"line":56,"column":0},"end":{"line":56,"column":28}},"56":{"start":{"line":57,"column":0},"end":{"line":57,"column":30}},"57":{"start":{"line":58,"column":0},"end":{"line":58,"column":12}},"58":{"start":{"line":59,"column":0},"end":{"line":59,"column":5}},"59":{"start":{"line":60,"column":0},"end":{"line":60,"column":0}},"60":{"start":{"line":61,"column":0},"end":{"line":61,"column":28}},"61":{"start":{"line":62,"column":0},"end":{"line":62,"column":29}},"62":{"start":{"line":63,"column":0},"end":{"line":63,"column":0}},"63":{"start":{"line":64,"column":0},"end":{"line":64,"column":9}},"64":{"start":{"line":65,"column":0},"end":{"line":65,"column":66}},"65":{"start":{"line":66,"column":0},"end":{"line":66,"column":80}},"66":{"start":{"line":67,"column":0},"end":{"line":67,"column":44}},"67":{"start":{"line":68,"column":0},"end":{"line":68,"column":45}},"68":{"start":{"line":69,"column":0},"end":{"line":69,"column":48}},"69":{"start":{"line":70,"column":0},"end":{"line":70,"column":41}},"70":{"start":{"line":71,"column":0},"end":{"line":71,"column":79}},"71":{"start":{"line":72,"column":0},"end":{"line":72,"column":11}},"72":{"start":{"line":73,"column":0},"end":{"line":73,"column":19}},"73":{"start":{"line":74,"column":0},"end":{"line":74,"column":10}},"74":{"start":{"line":75,"column":0},"end":{"line":75,"column":8}},"75":{"start":{"line":76,"column":0},"end":{"line":76,"column":0}},"76":{"start":{"line":77,"column":0},"end":{"line":77,"column":81}},"77":{"start":{"line":78,"column":0},"end":{"line":78,"column":60}},"78":{"start":{"line":79,"column":0},"end":{"line":79,"column":81}},"79":{"start":{"line":80,"column":0},"end":{"line":80,"column":45}},"80":{"start":{"line":81,"column":0},"end":{"line":81,"column":34}},"81":{"start":{"line":82,"column":0},"end":{"line":82,"column":23}},"82":{"start":{"line":83,"column":0},"end":{"line":83,"column":42}},"83":{"start":{"line":84,"column":0},"end":{"line":84,"column":27}},"84":{"start":{"line":85,"column":0},"end":{"line":85,"column":30}},"85":{"start":{"line":86,"column":0},"end":{"line":86,"column":31}},"86":{"start":{"line":87,"column":0},"end":{"line":87,"column":34}},"87":{"start":{"line":88,"column":0},"end":{"line":88,"column":38}},"88":{"start":{"line":89,"column":0},"end":{"line":89,"column":32}},"89":{"start":{"line":90,"column":0},"end":{"line":90,"column":40}},"90":{"start":{"line":91,"column":0},"end":{"line":91,"column":33}},"91":{"start":{"line":92,"column":0},"end":{"line":92,"column":40}},"92":{"start":{"line":93,"column":0},"end":{"line":93,"column":40}},"93":{"start":{"line":94,"column":0},"end":{"line":94,"column":38}},"94":{"start":{"line":95,"column":0},"end":{"line":95,"column":34}},"95":{"start":{"line":96,"column":0},"end":{"line":96,"column":31}},"96":{"start":{"line":97,"column":0},"end":{"line":97,"column":35}},"97":{"start":{"line":98,"column":0},"end":{"line":98,"column":37}},"98":{"start":{"line":99,"column":0},"end":{"line":99,"column":31}},"99":{"start":{"line":100,"column":0},"end":{"line":100,"column":33}},"100":{"start":{"line":101,"column":0},"end":{"line":101,"column":10}},"101":{"start":{"line":102,"column":0},"end":{"line":102,"column":8}},"102":{"start":{"line":103,"column":0},"end":{"line":103,"column":0}},"103":{"start":{"line":104,"column":0},"end":{"line":104,"column":81}},"104":{"start":{"line":105,"column":0},"end":{"line":105,"column":62}},"105":{"start":{"line":106,"column":0},"end":{"line":106,"column":81}},"106":{"start":{"line":107,"column":0},"end":{"line":107,"column":53}},"107":{"start":{"line":108,"column":0},"end":{"line":108,"column":34}},"108":{"start":{"line":109,"column":0},"end":{"line":109,"column":27}},"109":{"start":{"line":110,"column":0},"end":{"line":110,"column":49}},"110":{"start":{"line":111,"column":0},"end":{"line":111,"column":32}},"111":{"start":{"line":112,"column":0},"end":{"line":112,"column":8}},"112":{"start":{"line":113,"column":0},"end":{"line":113,"column":0}},"113":{"start":{"line":114,"column":0},"end":{"line":114,"column":58}},"114":{"start":{"line":115,"column":0},"end":{"line":115,"column":52}},"115":{"start":{"line":116,"column":0},"end":{"line":116,"column":34}},"116":{"start":{"line":117,"column":0},"end":{"line":117,"column":22}},"117":{"start":{"line":118,"column":0},"end":{"line":118,"column":40}},"118":{"start":{"line":119,"column":0},"end":{"line":119,"column":44}},"119":{"start":{"line":120,"column":0},"end":{"line":120,"column":8}},"120":{"start":{"line":121,"column":0},"end":{"line":121,"column":0}},"121":{"start":{"line":122,"column":0},"end":{"line":122,"column":81}},"122":{"start":{"line":123,"column":0},"end":{"line":123,"column":66}},"123":{"start":{"line":124,"column":0},"end":{"line":124,"column":81}},"124":{"start":{"line":125,"column":0},"end":{"line":125,"column":49}},"125":{"start":{"line":126,"column":0},"end":{"line":126,"column":34}},"126":{"start":{"line":127,"column":0},"end":{"line":127,"column":25}},"127":{"start":{"line":128,"column":0},"end":{"line":128,"column":34}},"128":{"start":{"line":129,"column":0},"end":{"line":129,"column":31}},"129":{"start":{"line":130,"column":0},"end":{"line":130,"column":8}},"130":{"start":{"line":131,"column":0},"end":{"line":131,"column":0}},"131":{"start":{"line":132,"column":0},"end":{"line":132,"column":25}},"132":{"start":{"line":133,"column":0},"end":{"line":133,"column":47}},"133":{"start":{"line":134,"column":0},"end":{"line":134,"column":34}},"134":{"start":{"line":135,"column":0},"end":{"line":135,"column":21}},"135":{"start":{"line":136,"column":0},"end":{"line":136,"column":31}},"136":{"start":{"line":137,"column":0},"end":{"line":137,"column":38}},"137":{"start":{"line":138,"column":0},"end":{"line":138,"column":31}},"138":{"start":{"line":139,"column":0},"end":{"line":139,"column":8}},"139":{"start":{"line":140,"column":0},"end":{"line":140,"column":0}},"140":{"start":{"line":141,"column":0},"end":{"line":141,"column":34}},"141":{"start":{"line":142,"column":0},"end":{"line":142,"column":36}},"142":{"start":{"line":143,"column":0},"end":{"line":143,"column":31}},"143":{"start":{"line":144,"column":0},"end":{"line":144,"column":26}},"144":{"start":{"line":145,"column":0},"end":{"line":145,"column":31}},"145":{"start":{"line":146,"column":0},"end":{"line":146,"column":8}},"146":{"start":{"line":147,"column":0},"end":{"line":147,"column":0}},"147":{"start":{"line":148,"column":0},"end":{"line":148,"column":28}},"148":{"start":{"line":149,"column":0},"end":{"line":149,"column":60}},"149":{"start":{"line":150,"column":0},"end":{"line":150,"column":89}},"150":{"start":{"line":151,"column":0},"end":{"line":151,"column":39}},"151":{"start":{"line":152,"column":0},"end":{"line":152,"column":8}},"152":{"start":{"line":153,"column":0},"end":{"line":153,"column":82}},"153":{"start":{"line":154,"column":0},"end":{"line":154,"column":33}},"154":{"start":{"line":155,"column":0},"end":{"line":155,"column":8}},"155":{"start":{"line":156,"column":0},"end":{"line":156,"column":0}},"156":{"start":{"line":157,"column":0},"end":{"line":157,"column":83}},"157":{"start":{"line":158,"column":0},"end":{"line":158,"column":0}},"158":{"start":{"line":159,"column":0},"end":{"line":159,"column":81}},"159":{"start":{"line":160,"column":0},"end":{"line":160,"column":47}},"160":{"start":{"line":161,"column":0},"end":{"line":161,"column":81}},"161":{"start":{"line":162,"column":0},"end":{"line":162,"column":55}},"162":{"start":{"line":163,"column":0},"end":{"line":163,"column":60}},"163":{"start":{"line":164,"column":0},"end":{"line":164,"column":68}},"164":{"start":{"line":165,"column":0},"end":{"line":165,"column":23}},"165":{"start":{"line":166,"column":0},"end":{"line":166,"column":63}},"166":{"start":{"line":167,"column":0},"end":{"line":167,"column":40}},"167":{"start":{"line":168,"column":0},"end":{"line":168,"column":31}},"168":{"start":{"line":169,"column":0},"end":{"line":169,"column":37}},"169":{"start":{"line":170,"column":0},"end":{"line":170,"column":41}},"170":{"start":{"line":171,"column":0},"end":{"line":171,"column":37}},"171":{"start":{"line":172,"column":0},"end":{"line":172,"column":14}},"172":{"start":{"line":173,"column":0},"end":{"line":173,"column":0}},"173":{"start":{"line":174,"column":0},"end":{"line":174,"column":37}},"174":{"start":{"line":175,"column":0},"end":{"line":175,"column":94}},"175":{"start":{"line":176,"column":0},"end":{"line":176,"column":43}},"176":{"start":{"line":177,"column":0},"end":{"line":177,"column":49}},"177":{"start":{"line":178,"column":0},"end":{"line":178,"column":44}},"178":{"start":{"line":179,"column":0},"end":{"line":179,"column":60}},"179":{"start":{"line":180,"column":0},"end":{"line":180,"column":41}},"180":{"start":{"line":181,"column":0},"end":{"line":181,"column":52}},"181":{"start":{"line":182,"column":0},"end":{"line":182,"column":41}},"182":{"start":{"line":183,"column":0},"end":{"line":183,"column":18}},"183":{"start":{"line":184,"column":0},"end":{"line":184,"column":16}},"184":{"start":{"line":185,"column":0},"end":{"line":185,"column":20}},"185":{"start":{"line":186,"column":0},"end":{"line":186,"column":42}},"186":{"start":{"line":187,"column":0},"end":{"line":187,"column":57}},"187":{"start":{"line":188,"column":0},"end":{"line":188,"column":39}},"188":{"start":{"line":189,"column":0},"end":{"line":189,"column":40}},"189":{"start":{"line":190,"column":0},"end":{"line":190,"column":39}},"190":{"start":{"line":191,"column":0},"end":{"line":191,"column":31}},"191":{"start":{"line":192,"column":0},"end":{"line":192,"column":16}},"192":{"start":{"line":193,"column":0},"end":{"line":193,"column":13}},"193":{"start":{"line":194,"column":0},"end":{"line":194,"column":11}},"194":{"start":{"line":195,"column":0},"end":{"line":195,"column":10}},"195":{"start":{"line":196,"column":0},"end":{"line":196,"column":0}},"196":{"start":{"line":197,"column":0},"end":{"line":197,"column":36}},"197":{"start":{"line":198,"column":0},"end":{"line":198,"column":38}},"198":{"start":{"line":199,"column":0},"end":{"line":199,"column":33}},"199":{"start":{"line":200,"column":0},"end":{"line":200,"column":28}},"200":{"start":{"line":201,"column":0},"end":{"line":201,"column":33}},"201":{"start":{"line":202,"column":0},"end":{"line":202,"column":10}},"202":{"start":{"line":203,"column":0},"end":{"line":203,"column":7}},"203":{"start":{"line":204,"column":0},"end":{"line":204,"column":0}},"204":{"start":{"line":205,"column":0},"end":{"line":205,"column":81}},"205":{"start":{"line":206,"column":0},"end":{"line":206,"column":53}},"206":{"start":{"line":207,"column":0},"end":{"line":207,"column":81}},"207":{"start":{"line":208,"column":0},"end":{"line":208,"column":39}},"208":{"start":{"line":209,"column":0},"end":{"line":209,"column":14}},"209":{"start":{"line":210,"column":0},"end":{"line":210,"column":19}},"210":{"start":{"line":211,"column":0},"end":{"line":211,"column":62}},"211":{"start":{"line":212,"column":0},"end":{"line":212,"column":60}},"212":{"start":{"line":213,"column":0},"end":{"line":213,"column":9}},"213":{"start":{"line":214,"column":0},"end":{"line":214,"column":20}},"214":{"start":{"line":215,"column":0},"end":{"line":215,"column":0}},"215":{"start":{"line":216,"column":0},"end"
[...]
0},"end":{"line":1808,"column":7}},"1808":{"start":{"line":1809,"column":0},"end":{"line":1809,"column":6}},"1809":{"start":{"line":1810,"column":0},"end":{"line":1810,"column":1}},"1810":{"start":{"line":1811,"column":0},"end":{"line":1811,"column":0}},"1811":{"start":{"line":1812,"column":0},"end":{"line":1812,"column":26}},"1812":{"start":{"line":1813,"column":0},"end":{"line":1813,"column":40}},"1813":{"start":{"line":1814,"column":0},"end":{"line":1814,"column":48}},"1814":{"start":{"line":1815,"column":0},"end":{"line":1815,"column":47}},"1815":{"start":{"line":1816,"column":0},"end":{"line":1816,"column":69}},"1816":{"start":{"line":1817,"column":0},"end":{"line":1817,"column":3}},"1817":{"start":{"line":1818,"column":0},"end":{"line":1818,"column":40}},"1818":{"start":{"line":1819,"column":0},"end":{"line":1819,"column":43}},"1819":{"start":{"line":1820,"column":0},"end":{"line":1820,"column":47}},"1820":{"start":{"line":1821,"column":0},"end":{"line":1821,"column":71}},"1821":{"start":{"line":1822,"column":0},"end":{"line":1822,"column":3}},"1822":{"start":{"line":1823,"column":0},"end":{"line":1823,"column":0}},"1823":{"start":{"line":1824,"column":0},"end":{"line":1824,"column":40}},"1824":{"start":{"line":1825,"column":0},"end":{"line":1825,"column":62}},"1825":{"start":{"line":1826,"column":0},"end":{"line":1826,"column":25}},"1826":{"start":{"line":1827,"column":0},"end":{"line":1827,"column":73}},"1827":{"start":{"line":1828,"column":0},"end":{"line":1828,"column":29}},"1828":{"start":{"line":1829,"column":0},"end":{"line":1829,"column":1}},"1829":{"start":{"line":1830,"column":0},"end":{"line":1830,"column":0}},"1830":{"start":{"line":1831,"column":0},"end":{"line":1831,"column":40}},"1831":{"start":{"line":1832,"column":0},"end":{"line":1832,"column":55}},"1832":{"start":{"line":1833,"column":0},"end":{"line":1833,"column":10}},"1833":{"start":{"line":1834,"column":0},"end":{"line":1834,"column":4}},"1834":{"start":{"line":1835,"column":0},"end":{"line":1835,"column":8}},"1835":{"start":{"line":1836,"column":0},"end":{"line":1836,"column":8}},"1836":{"start":{"line":1837,"column":0},"end":{"line":1837,"column":1}},"1837":{"start":{"line":1838,"column":0},"end":{"line":1838,"column":0}},"1838":{"start":{"line":1839,"column":0},"end":{"line":1839,"column":3}},"1839":{"start":{"line":1840,"column":0},"end":{"line":1840,"column":58}},"1840":{"start":{"line":1841,"column":0},"end":{"line":1841,"column":94}},"1841":{"start":{"line":1842,"column":0},"end":{"line":1842,"column":3}},"1842":{"start":{"line":1843,"column":0},"end":{"line":1843,"column":0}},"1843":{"start":{"line":1844,"column":0},"end":{"line":1844,"column":24}},"1844":{"start":{"line":1845,"column":0},"end":{"line":1845,"column":101}},"1845":{"start":{"line":1846,"column":0},"end":{"line":1846,"column":120}},"1846":{"start":{"line":1847,"column":0},"end":{"line":1847,"column":84}},"1847":{"start":{"line":1848,"column":0},"end":{"line":1848,"column":92}},"1848":{"start":{"line":1849,"column":0},"end":{"line":1849,"column":108}},"1849":{"start":{"line":1850,"column":0},"end":{"line":1850,"column":0}},"1850":{"start":{"line":1851,"column":0},"end":{"line":1851,"column":16}},"1851":{"start":{"line":1852,"column":0},"end":{"line":1852,"column":77}},"1852":{"start":{"line":1853,"column":0},"end":{"line":1853,"column":76}},"1853":{"start":{"line":1854,"column":0},"end":{"line":1854,"column":90}},"1854":{"start":{"line":1855,"column":0},"end":{"line":1855,"column":99}},"1855":{"start":{"line":1856,"column":0},"end":{"line":1856,"column":0}},"1856":{"start":{"line":1857,"column":0},"end":{"line":1857,"column":18}},"1857":{"start":{"line":1858,"column":0},"end":{"line":1858,"column":81}},"1858":{"start":{"line":1859,"column":0},"end":{"line":1859,"column":94}},"1859":{"start":{"line":1860,"column":0},"end":{"line":1860,"column":81}},"1860":{"start":{"line":1861,"column":0},"end":{"line":1861,"column":74}}},"s":{"0":0,"1":0,"2":0,"3":0,"4":0,"5":0,"6":0,"7":0,"8":0,"9":0,"10":0,"11":0,"12":0,"13":0,"14":0,"15":0,"16":0,"17":0,"18":0,"19":0,"20":0,"21":0,"22":0,"23":0,"24":0,"25":0,"26":0,"27":0,"28":0,"29":0,"30":0,"31":0,"32":0,"33":0,"34":0,"35":0,"36":0,"37":0,"38":0,"39":0,"40":0,"41":0,"42":0,"43":0,"44":0,"45":0,"46":0,"47":0,"48":0,"49":0,"50":0,"51":0,"52":0,"53":0,"54":0,"55":0,"56":0,"57":0,"58":0,"59":0,"60":0,"61":0,"62":0,"63":0,"64":0,"65":0,"66":0,"67":0,"68":0,"69":0,"70":0,"71":0,"72":0,"73":0,"74":0,"75":0,"76":0,"77":0,"78":0,"79":0,"80":0,"81":0,"82":0,"83":0,"84":0,"85":0,"86":0,"87":0,"88":0,"89":0,"90":0,"91":0,"92":0,"93":0,"94":0,"95":0,"96":0,"97":0,"98":0,"99":0,"100":0,"101":0,"102":0,"103":0,"104":0,"105":0,"106":0,"107":0,"108":0,"109":0,"110":0,"111":0,"112":0,"113":0,"114":0,"115":0,"116":0,"117":0,"118":0,"119":0,"120":0,"121":0,"122":0,"123":0,"124":0,"125":0,"126":0,"127":0,"128":0,"129":0,"130":0,"131":0,"132":0,"133":0,"134":0,"135":0,"136":0,"137":0,"138":0,"139":0,"140":0,"141":0,"142":0,"143":0,"144":0,"145":0,"146":0,"147":0,"148":0,"149":0,"150":0,"151":0,"152":0,"153":0,"154":0,"155":0,"156":0,"157":0,"158":0,"159":0,"160":0,"161":0,"162":0,"163":0,"164":0,"165":0,"166":0,"167":0,"168":0,"169":0,"170":0,"171":0,"172":0,"173":0,"174":0,"175":0,"176":0,"177":0,"178":0,"179":0,"180":0,"181":0,"182":0,"183":0,"184":0,"185":0,"186":0,"187":0,"188":0,"189":0,"190":0,"191":0,"192":0,"193":0,"194":0,"195":0,"196":0,"197":0,"198":0,"199":0,"200":0,"201":0,"202":0,"203":0,"204":0,"205":0,"206":0,"207":0,"208":0,"209":0,"210":0,"211":0,"212":0,"213":0,"214":0,"215":0,"216":0,"217":0,"218":0,"219":0,"220":0,"221":0,"222":0,"223":0,"224":0,"225":0,"226":0,"227":0,"228":0,"229":0,"230":0,"231":0,"232":0,"233":0,"234":0,"235":0,"236":0,"237":0,"238":0,"239":0,"240":0,"241":0,"242":0,"243":0,"244":0,"245":0,"246":0,"247":0,"248":0,"249":0,"250":0,"251":0,"252":0,"253":0,"254":0,"255":0,"256":0,"257":0,"258":0,"259":0,"260":0,"261":0,"262":0,"263":0,"264":0,"265":0,"266":0,"267":0,"268":0,"269":0,"270":0,"271":0,"272":0,"273":0,"274":0,"275":0,"276":0,"277":0,"278":0,"279":0,"280":0,"281":0,"282":0,"283":0,"284":0,"285":0,"286":0,"287":0,"288":0,"289":0,"290":0,"291":0,"292":0,"293":0,"294":0,"295":0,"296":0,"297":0,"298":0,"299":0,"300":0,"301":0,"302":0,"303":0,"304":0,"305":0,"306":0,"307":0,"308":0,"309":0,"310":0,"311":0,"312":0,"313":0,"314":0,"315":0,"316":0,"317":0,"318":0,"319":0,"320":0,"321":0,"322":0,"323":0,"324":0,"325":0,"326":0,"327":0,"328":0,"329":0,"330":0,"331":0,"332":0,"333":0,"334":0,"335":0,"336":0,"337":0,"338":0,"339":0,"340":0,"341":0,"342":0,"343":0,"344":0,"345":0,"346":0,"347":0,"348":0,"349":0,"350":0,"351":0,"352":0,"353":0,"354":0,"355":0,"356":0,"357":0,"358":0,"359":0,"360":0,"361":0,"362":0,"363":0,"364":0,"365":0,"366":0,"367":0,"368":0,"369":0,"370":0,"371":0,"372":0,"373":0,"374":0,"375":0,"376":0,"377":0,"378":0,"379":0,"380":0,"381":0,"382":0,"383":0,"384":0,"385":0,"386":0,"387":0,"388":0,"389":0,"390":0,"391":0,"392":0,"393":0,"394":0,"395":0,"396":0,"397":0,"398":0,"399":0,"400":0,"401":0,"402":0,"403":0,"404":0,"405":0,"406":0,"407":0,"408":0,"409":0,"410":0,"411":0,"412":0,"413":0,"414":0,"415":0,"416":0,"417":0,"418":0,"419":0,"420":0,"421":0,"422":0,"423":0,"424":0,"425":0,"426":0,"427":0,"428":0,"429":0,"430":0,"431":0,"432":0,"433":0,"434":0,"435":0,"436":0,"437":0,"438":0,"439":0,"440":0,"441":0,"442":0,"443":0,"444":0,"445":0,"446":0,"447":0,"448":0,"449":0,"450":0,"451":0,"452":0,"453":0,"454":0,"455":0,"456":0,"457":0,"458":0,"459":0,"460":0,"461":0,"462":0,"463":0,"464":0,"465":0,"466":0,"467":0,"468":0,"469":0,"470":0,"471":0,"472":0,"473":0,"474":0,"475":0,"476":0,"477":0,"478":0,"479":0,"480":0,"481":0,"482":0,"483":0,"484":0,"485":0,"486":0,"487":0,"488":0,"489":0,"490":0,"491":0,"492":0,"493":0,"494":0,"495":0,"496":0,"497":0,"498":0,"499":0,"500":0,"501":0,"502":0,"503":0,"504":0,"505":0,"506":0,"507":0,"508":0,"509":0,"510":0,"511":0,"512":0,"513":0,"514":0,"515":0,"516":0,"517":0,"518":0,"519":0,"520":0,"521":0,"522":0,"523":0,"524":0,"525":0,"526":0,"527":0,"528":0,"529":0,"530":0,"531":0,"532":0,"533":0,"534":0,"535":0,"536":0,"537":0,"538":0,"539":0,"540":0,"541":0,"542":0,"543":0,"544":0,"545":0,"546":0,"547":0,"548":0,"549":0,"550":0,"551":0,"552":0,"553":0,"554":0,"555":0,"556":0,"557":0,"558":0,"559":0,"560":0,"561":0,"562":0,"563":0,"564":0,"565":0,"566":0,"567":0,"568":0,"569":0,"570":0,"571":0,"572":0,"573":0,"574":0,"575":0,"576":0,"577":0,"578":0,"579":0,"580":0,"581":0,"582":0,"583":0,"584":0,"585":0,"586":0,"587":0,"588":0,"589":0,"590":0,"591":0,"592":0,"593":0,"594":0,"595":0,"596":0,"597":0,"598":0,"599":0,"600":0,"601":0,"602":0,"603":0,"604":0,"605":0,"606":0,"607":0,"608":0,"609":0,"610":0,"611":0,"612":0,"613":0,"614":0,"615":0,"616":0,"617":0,"618":0,"619":0,"620":0,"621":0,"622":0,"623":0,"624":0,"625":0,"626":0,"627":0,"628":0,"629":0,"630":0,"631":0,"632":0,"633":0,"634":0,"635":0,"636":0,"637":0,"638":0,"639":0,"640":0,"641":0,"642":0,"643":0,"644":0,"645":0,"646":0,"647":0,"648":0,"649":0,"650":0,"651":0,"652":0,"653":0,"654":0,"655":0,"656":0,"657":0,"658":0,"659":0,"660":0,"661":0,"662":0,"663":0,"664":0,"665":0,"666":0,"667":0,"668":0,"669":0,"670":0,"671":0,"672":0,"673":0,"674":0,"675":0,"676":0,"677":0,"678":0,"679":0,"680":0,"681":0,"682":0,"683":0,"684":0,"685":0,"686":0,"687":0,"688":0,"689":0,"690":0,"691":0,"692":0,"693":0,"694":0,"695":0,"696":0,"697":0,"698":0,"699":0,"700":0,"701":0,"702":0,"703":0,"704":0,"705":0,"706":0,"707":0,"708":0,"709":0,"710":0,"711":0,"712":0,"713":0,"714":0,"715":0,"716":0,"717":0,"718":0,"719":0,"720":0,"721":0,"722":0,"723":0,"724":0,"725":0,"726":0,"727":0,"728":0,"729":0,"730":0,"731":0,"732":0,"733":0,"734":0,"735":0,"736":0,"737":0,"738":0,"739":0,"740":0,"741":0,"742":0,"743":0,"744":0,"745":0,"746":0,"747":0,"748":0,"749":0,"750":0,"751":0,"752":0,"753":0,"754":0,"755":0,"756":0,"757":0,"758":0,"759":0,"760":0,"761":0,"762":0,"763":0,"764":0,"765":0,"766":0,"767":0,"768":0,"769":0,"770":0,"771":0,"772":0,"773":0,"774":0,"775":0,"776":0,"777":0,"778":0,"779":0,"780":0,"781":0,"782":0,"783":0,"784":0,"785":0,"786":0,"787":0,"788":0,"789":0,"790":0,"791":0,"792":0,"793":0,"794":0,"795":0,"796":0,"797":0,"798":0,"799":0,"800":0,"801":0,"802":0,"803":0,"804":0,"805":0,"806":0,"807":0,"808":0,"809":0,"810":0,"811":0,"812":0,"813":0,"814":0,"815":0,"816":0,"817":0,"818":0,"819":0,"820":0,"821":0,"822":0,"823":0,"824":0,"825":0,"826":0,"827":0,"828":0,"829":0,"830":0,"831":0,"832":0,"833":0,"834":0,"835":0,"836":0,"837":0,"838":0,"839":0,"840":0,"841":0,"842":0,"843":0,"844":0,"845":0,"846":0,"847":0,"848":0,"849":0,"850":0,"851":0,"852":0,"853":0,"854":0,"855":0,"856":0,"857":0,"858":0,"859":0,"860":0,"861":0,"862":0,"863":0,"864":0,"865":0,"866":0,"867":0,"868":0,"869":0,"870":0,"871":0,"872":0,"873":0,"874":0,"875":0,"876":0,"877":0,"878":0,"879":0,"880":0,"881":0,"882":0,"883":0,"884":0,"885":0,"886":0,"887":0,"888":0,"889":0,"890":0,"891":0,"892":0,"893":0,"894":0,"895":0,"896":0,"897":0,"898":0,"899":0,"900":0,"901":0,"902":0,"903":0,"904":0,"905":0,"906":0,"907":0,"908":0,"909":0,"910":0,"911":0,"912":0,"913":0,"914":0,"915":0,"916":0,"917":0,"918":0,"919":0,"920":0,"921":0,"922":0,"923":0,"924":0,"925":0,"926":0,"927":0,"928":0,"929":0,"930":0,"931":0,"932":0,"933":0,"934":0,"935":0,"936":0,"937":0,"938":0,"939":0,"940":0,"941":0,"942":0,"943":0,"944":0,"945":0,"946":0,"947":0,"948":0,"949":0,"950":0,"951":0,"952":0,"953":0,"954":0,"955":0,"956":0,"957":0,"958":0,"959":0,"960":0,"961":0,"962":0,"963":0,"964":0,"965":0,"966":0,"967":0,"968":0,"969":0,"970":0,"971":0,"972":0,"973":0,"974":0,"975":0,"976":0,"977":0,"978":0,"979":0,"980":0,"981":0,"982":0,"983":0,"984":0,"985":0,"986":0,"987":0,"988":0,"989":0,"990":0,"991":0,"992":0,"993":0,"994":0,"995":0,"996":0,"997":0,"998":0,"999":0,"1000":0,"1001":0,"1002":0,"1003":0,"1004":0,"1005":0,"1006":0,"1007":0,"1008":0,"1009":0,"1010":0,"1011":0,"1012":0,"1013":0,"1014":0,"1015":0,"1016":0,"1017":0,"1018":0,"1019":0,"1020":0,"1021":0,"1022":0,"1023":0,"1024":0,"1025":0,"1026":0,"1027":0,"1028":0,"1029":0,"1030":0,"1031":0,"1032":0,"1033":0,"1034":0,"1035":0,"1036":0,"1037":0,"1038":0,"1039":0,"1040":0,"1041":0,"1042":0,"1043":0,"1044":0,"1045":0,"1046":0,"1047":0,"1048":0,"1049":0,"1050":0,"1051":0,"1052":0,"1053":0,"1054":0,"1055":0,"1056":0,"1057":0,"1058":0,"1059":0,"1060":0,"1061":0,"1062":0,"1063":0,"1064":0,"1065":0,"1066":0,"1067":0,"1068":0,"1069":0,"1070":0,"1071":0,"1072":0,"1073":0,"1074":0,"1075":0,"1076":0,"1077":0,"1078":0,"1079":0,"1080":0,"1081":0,"1082":0,"1083":0,"1084":0,"1085":0,"1086":0,"1087":0,"1088":0,"1089":0,"1090":0,"1091":0,"1092":0,"1093":0,"1094":0,"1095":0,"1096":0,"1097":0,"1098":0,"1099":0,"1100":0,"1101":0,"1102":0,"1103":0,"1104":0,"1105":0,"1106":0,"1107":0,"1108":0,"1109":0,"1110":0,"1111":0,"1112":0,"1113":0,"1114":0,"1115":0,"1116":0,"1117":0,"1118":0,"1119":0,"1120":0,"1121":0,"1122":0,"1123":0,"1124":0,"1125":0,"1126":0,"1127":0,"1128":0,"1129":0,"1130":0,"1131":0,"1132":0,"1133":0,"1134":0,"1135":0,"1136":0,"1137":0,"1138":0,"1139":0,"1140":0,"1141":0,"1142":0,"1143":0,"1144":0,"1145":0,"1146":0,"1147":0,"1148":0,"1149":0,"1150":0,"1151":0,"1152":0,"1153":0,"1154":0,"1155":0,"1156":0,"1157":0,"1158":0,"1159":0,"1160":0,"1161":0,"1162":0,"1163":0,"1164":0,"1165":0,"1166":0,"1167":0,"1168":0,"1169":0,"1170":0,"1171":0,"1172":0,"1173":0,"1174":0,"1175":0,"1176":0,"1177":0,"1178":0,"1179":0,"1180":0,"1181":0,"1182":0,"1183":0,"1184":0,"1185":0,"1186":0,"1187":0,"1188":0,"1189":0,"1190":0,"1191":0,"1192":0,"1193":0,"1194":0,"1195":0,"1196":0,"1197":0,"1198":0,"1199":0,"1200":0,"1201":0,"1202":0,"1203":0,"1204":0,"1205":0,"1206":0,"1207":0,"1208":0,"1209":0,"1210":0,"1211":0,"1212":0,"1213":0,"1214":0,"1215":0,"1216":0,"1217":0,"1218":0,"1219":0,"1220":0,"1221":0,"1222":0,"1223":0,"1224":0,"1225":0,"1226":0,"1227":0,"1228":0,"1229":0,"1230":0,"1231":0,"1232":0,"1233":0,"1234":0,"1235":0,"1236":0,"1237":0,"1238":0,"1239":0,"1240":0,"1241":0,"1242":0,"1243":0,"1244":0,"1245":0,"1246":0,"1247":0,"1248":0,"1249":0,"1250":0,"1251":0,"1252":0,"1253":0,"1254":0,"1255":0,"1256":0,"1257":0,"1258":0,"1259":0,"1260":0,"1261":0,"1262":0,"1263":0,"1264":0,"1265":0,"1266":0,"1267":0,"1268":0,"1269":0,"1270":0,"1271":0,"1272":0,"1273":0,"1274":0,"1275":0,"1276":0,"1277":0,"1278":0,"1279":0,"1280":0,"1281":0,"1282":0,"1283":0,"1284":0,"1285":0,"1286":0,"1287":0,"1288":0,"1289":0,"1290":0,"1291":0,"1292":0,"1293":0,"1294":0,"1295":0,"1296":0,"1297":0,"1298":0,"1299":0,"1300":0,"1301":0,"1302":0,"1303":0,"1304":0,"1305":0,"1306":0,"1307":0,"1308":0,"1309":0,"1310":0,"1311":0,"1312":0,"1313":0,"1314":0,"1315":0,"1316":0,"1317":0,"1318":0,"1319":0,"1320":0,"1321":0,"1322":0,"1323":0,"1324":0,"1325":0,"1326":0,"1327":0,"1328":0,"1329":0,"1330":0,"1331":0,"1332":0,"1333":0,"1334":0,"1335":0,"1336":0,"1337":0,"1338":0,"1339":0,"1340":0,"1341":0,"1342":0,"1343":0,"1344":0,"1345":0,"1346":0,"1347":0,"1348":0,"1349":0,"1350":0,"1351":0,"1352":0,"1353":0,"1354":0,"1355":0,"1356":0,"1357":0,"1358":0,"1359":0,"1360":0,"1361":0,"1362":0,"1363":0,"1364":0,"1365":0,"1366":0,"1367":0,"1368":0,"1369":0,"1370":0,"1371":0,"1372":0,"1373":0,"1374":0,"1375":0,"1376":0,"1377":0,"1378":0,"1379":0,"1380":0,"1381":0,"1382":0,"1383":0,"1384":0,"1385":0,"1386":0,"1387":0,"1388":0,"1389":0,"1390":0,"1391":0,"1392":0,"1393":0,"1394":0,"1395":0,"1396":0,"1397":0,"1398":0,"1399":0,"1400":0,"1401":0,"1402":0,"1403":0,"1404":0,"1405":0,"1406":0,"1407":0,"1408":0,"1409":0,"1410":0,"1411":0,"1412":0,"1413":0,"1414":0,"1415":0,"1416":0,"1417":0,"1418":0,"1419":0,"1420":0,"1421":0,"1422":0,"1423":0,"1424":0,"1425":0,"1426":0,"1427":0,"1428":0,"1429":0,"1430":0,"1431":0,"1432":0,"1433":0,"1434":0,"1435":0,"1436":0,"1437":0,"1438":0,"1439":0,"1440":0,"1441":0,"1442":0,"1443":0,"1444":0,"1445":0,"1446":0,"1447":0,"1448":0,"1449":0,"1450":0,"1451":0,"1452":0,"1453":0,"1454":0,"1455":0,"1456":0,"1457":0,"1458":0,"1459":0,"1460":0,"1461":0,"1462":0,"1463":0,"1464":0,"1465":0,"1466":0,"1467":0,"1468":0,"1469":0,"1470":0,"1471":0,"1472":0,"1473":0,"1474":0,"1475":0,"1476":0,"1477":0,"1478":0,"1479":0,"1480":0,"1481":0,"1482":0,"1483":0,"1484":0,"1485":0,"1486":0,"1487":0,"1488":0,"1489":0,"1490":0,"1491":0,"1492":0,"1493":0,"1494":0,"1495":0,"1496":0,"1497":0,"1498":0,"1499":0,"1500":0,"1501":0,"1502":0,"1503":0,"1504":0,"1505":0,"1506":0,"1507":0,"1508":0,"1509":0,"1510":0,"1511":0,"1512":0,"1513":0,"1514":0,"1515":0,"1516":0,"1517":0,"1518":0,"1519":0,"1520":0,"1521":0,"1522":0,"1523":0,"1524":0,"1525":0,"1526":0,"1527":0,"1528":0,"1529":0,"1530":0,"1531":0,"1532":0,"1533":0,"1534":0,"1535":0,"1536":0,"1537":0,"1538":0,"1539":0,"1540":0,"1541":0,"1542":0,"1543":0,"1544":0,"1545":0,"1546":0,"1547":0,"1548":0,"1549":0,"1550":0,"1551":0,"1552":0,"1553":0,"1554":0,"1555":0,"1556":0,"1557":0,"1558":0,"1559":0,"1560":0,"1561":0,"1562":0,"1563":0,"1564":0,"1565":0,"1566":0,"1567":0,"1568":0,"1569":0,"1570":0,"1571":0,"1572":0,"1573":0,"1574":0,"1575":0,"1576":0,"1577":0,"1578":0,"1579":0,"1580":0,"1581":0,"1582":0,"1583":0,"1584":0,"1585":0,"1586":0,"1587":0,"1588":0,"1589":0,"1590":0,"1591":0,"1592":0,"1593":0,"1594":0,"1595":0,"1596":0,"1597":0,"1598":0,"1599":0,"1600":0,"1601":0,"1602":0,"1603":0,"1604":0,"1605":0,"1606":0,"1607":0,"1608":0,"1609":0,"1610":0,"1611":0,"1612":0,"1613":0,"1614":0,"1615":0,"1616":0,"1617":0,"1618":0,"1619":0,"1620":0,"1621":0,"1622":0,"1623":0,"1624":0,"1625":0,"1626":0,"1627":0,"1628":0,"1629":0,"1630":0,"1631":0,"1632":0,"1633":0,"1634":0,"1635":0,"1636":0,"1637":0,"1638":0,"1639":0,"1640":0,"1641":0,"1642":0,"1643":0,"1644":0,"1645":0,"1646":0,"1647":0,"1648":0,"1649":0,"1650":0,"1651":0,"1652":0,"1653":0,"1654":0,"1655":0,"1656":0,"1657":0,"1658":0,"1659":0,"1660":0,"1661":0,"1662":0,"1663":0,"1664":0,"1665":0,"1666":0,"1667":0,"1668":0,"1669":0,"1670":0,"1671":0,"1672":0,"1673":0,"1674":0,"1675":0,"1676":0,"1677":0,"1678":0,"1679":0,"1680":0,"1681":0,"1682":0,"1683":0,"1684":0,"1685":0,"1686":0,"1687":0,"1688":0,"1689":0,"1690":0,"1691":0,"1692":0,"1693":0,"1694":0,"1695":0,"1696":0,"1697":0,"1698":0,"1699":0,"1700":0,"1701":0,"1702":0,"1703":0,"1704":0,"1705":0,"1706":0,"1707":0,"1708":0,"1709":0,"1710":0,"1711":0,"1712":0,"1713":0,"1714":0,"1715":0,"1716":0,"1717":0,"1718":0,"1719":0,"1720":0,"1721":0,"1722":0,"1723":0,"1724":0,"1725":0,"1726":0,"1727":0,"1728":0,"1729":0,"1730":0,"1731":0,"1732":0,"1733":0,"1734":0,"1735":0,"1736":0,"1737":0,"1738":0,"1739":0,"1740":0,"1741":0,"1742":0,"1743":0,"1744":0,"1745":0,"1746":0,"1747":0,"1748":0,"1749":0,"1750":0,"1751":0,"1752":0,"1753":0,"1754":0,"1755":0,"1756":0,"1757":0,"1758":0,"1759":0,"1760":0,"1761":0,"1762":0,"1763":0,"1764":0,"1765":0,"1766":0,"1767":0,"1768":0,"1769":0,"1770":0,"1771":0,"1772":0,"1773":0,"1774":0,"1775":0,"1776":0,"1777":0,"1778":0,"1779":0,"1780":0,"1781":0,"1782":0,"1783":0,"1784":0,"1785":0,"1786":0,"1787":0,"1788":0,"1789":0,"1790":0,"1791":0,"1792":0,"1793":0,"1794":0,"1795":0,"1796":0,"1797":0,"1798":0,"1799":0,"1800":0,"1801":0,"1802":0,"1803":0,"1804":0,"1805":0,"1806":0,"1807":0,"1808":0,"1809":0,"1810":0,"1811":0,"1812":0,"1813":0,"1814":0,"1815":0,"1816":0,"1817":0,"1818":0,"1819":0,"1820":0,"1821":0,"1822":0,"1823":0,"1824":0,"1825":0,"1826":0,"1827":0,"1828":0,"1829":0,"1830":0,"1831":0,"1832":0,"1833":0,"1834":0,"1835":0,"1836":0,"1837":0,"1838":0,"1839":0,"1840":0,"1841":0,"1842":0,"1843":0,"1844":0,"1845":0,"1846":0,"1847":0,"1848":0,"1849":0,"1850":0,"1851":0,"1852":0,"1853":0,"1854":0,"1855":0,"1856":0,"1857":0,"1858":0,"1859":0,"1860":0},"branchMap":{"0":{"type":"branch","line":1,"loc":{"start":{"line":1,"column":0},"end":{"line":1861,"column":74}},"locations":[{"start":{"line":1,"column":0},"end":{"line":1861,"column":74}}]}},"b":{"0":[0]},"fnMap":{"0":{"name":"(empty-report)","decl":{"start":{"line":1,"column":0},"end":{"line":1861,"column":74}},"loc":{"start":{"line":1,"column":0},"end":{"line":1861,"column":74}},"line":1}},"f":{"0":0}}
}
